
{"geoTagArray":[{"text":"FB","title":"teste imagem","altitude":"50","licon":"ic_paprika","longitude":-43.33076477050781,"src":"media/null.jpg","latitude":-22.841059198386507,"type":"image"},{"infoBox":{"text":"","title":"Praia de Icarai"},"text":"Niterói","title":"Praia de Icarai","altitude":"50","licon":"ic_paprika","longitude":-43.1134414672851,"latitude":-22.907487204977322,"type":"text"},{"text":"teste","title":"teste","altitude":"50","licon":"ic_paprika","longitude":-43.17420959472656,"src":"media/null.jpg","latitude":-22.904008449404955,"type":"undefined"},{"text":"","title":"","altitude":"50","licon":"ic_paprika","longitude":-43.228797912597656,"src":"media/null.jpg","latitude":-22.90035170672051,"type":"image"},{"text":"eyllo tecnologia","title":"eyllo","altitude":"50","licon":"ic_paprika","longitude":-43.222585916519165,"src":"media/null.jpg","latitude":
LOG: Response code = 200
Send request failed!
Send request failed!
..done


Server Software:        Apache-Coyote/1.1
Server Hostname:        ec2-184-73-121-5.compute-1.amazonaws.com
Server Port:            8080

Document Path:          /paprika.json
Document Length:        2924 bytes

Concurrency Level:      10
Time taken for tests:   18.186 seconds
Complete requests:      100
Failed requests:        151
   (Connect: 0, Receive: 70, Length: 81, Exceptions: 0)
Write errors:           29
Total transferred:      271140 bytes
HTML transferred:       256192 bytes
Requests per second:    5.50 [#/sec] (mean)
Time per request:       1818.629 [ms] (mean)
Time per request:       181.863 [ms] (mean, across all concurrent requests)
Transfer rate:          14.56 [Kbytes/sec] received

Connection Times (ms)
              min  mean[+/-sd] median   max
Connect:      158  792 793.3    604    7231
Processing:     0  956 2116.0    139    8502
Waiting:        0    6  43.5      0     314
Total:        512 1748 2387.2    762   10060

Percentage of the requests served within a certain time (ms)
  50%    762
  66%   1064
  75%   1199
  80%   1383
  90%   7083
  95%   8022
  98%   9970
  99%  10060
 100%  10060 (longest request)
===============================================================================
===============================================================================
Send request failed!
Send request failed!
Send request failed!
Send request failed!
Send request failed!
..done


Server Software:        Apache-Coyote/1.1
Server Hostname:        ec2-184-73-121-5.compute-1.amazonaws.com
Server Port:            8080

Document Path:          /paprika.json
Document Length:        14334 bytes

Concurrency Level:      50
Time taken for tests:   60.395 seconds
Complete requests:      150
Failed requests:        212
   (Connect: 0, Receive: 71, Length: 141, Exceptions: 0)
Write errors:           70
Total transferred:      580898 bytes
HTML transferred:       557810 bytes
Requests per second:    2.48 [#/sec] (mean)
Time per request:       20131.815 [ms] (mean)
Time per request:       402.636 [ms] (mean, across all concurrent requests)
Transfer rate:          9.39 [Kbytes/sec] received

Connection Times (ms)
              min  mean[+/-sd] median   max
Connect:      118 10569 10390.4   5047   38093
Processing:     0 5179 11515.7    303   56030
Waiting:        0   42 185.0      0    1038
Total:       1269 15747 13572.5  10866   58853

Percentage of the requests served within a certain time (ms)
  50%  10866
  66%  21042
  75%  24158
  80%  29778
  90%  33331
  95%  37024
  98%  56992
  99%  56992
 100%  58853 (longest request)
===============================================================================
===============================================================================
Send request failed!
Send request failed!
Send request failed!
Send request failed!
Send request failed!
Send request failed!


Server Software:        Apache-Coyote/1.1
Server Hostname:        ec2-184-73-121-5.compute-1.amazonaws.com
Server Port:            8080

Document Path:          /paprika.json
Document Length:        876 bytes

Concurrency Level:      100
Time taken for tests:   56.564 seconds
Complete requests:      200
Failed requests:        234
   (Connect: 0, Receive: 46, Length: 188, Exceptions: 0)
Write errors:           92
Total transferred:      1239900 bytes
HTML transferred:       1210152 bytes
Requests per second:    3.54 [#/sec] (mean)
Time per request:       28281.760 [ms] (mean)
Time per request:       282.818 [ms] (mean, across all concurrent requests)
Transfer rate:          21.41 [Kbytes/sec] received

Connection Times (ms)
              min  mean[+/-sd] median   max
Connect:      118 8714 6428.1   6029   39954
Processing:     0 15892 21060.8    685   55235
Waiting:        0 1774 3218.8      0   13582
Total:       1060 24607 19770.1  15786   56560

Percentage of the requests served within a certain time (ms)
  50%  15786
  66%  28971
  75%  50654
  80%  51235
  90%  52985
  95%  55762
  98%  55934
  99%  56411
 100%  56560 (longest request)
===============================================================================
===============================================================================
Send request failed!
Send request failed!
Send request failed!
Send request failed!
Send request failed!
Send request failed!


Server Software:        Apache-Coyote/1.1
Server Hostname:        ec2-184-73-121-5.compute-1.amazonaws.com
Server Port:            8080

Document Path:          /paprika.json
Document Length:        2924 bytes

Concurrency Level:      200
Time taken for tests:   72.139 seconds
Complete requests:      300
Failed requests:        370
   (Connect: 0, Receive: 87, Length: 283, Exceptions: 0)
Write errors:           116
Total transferred:      2273618 bytes
HTML transferred:       2228182 bytes
Requests per second:    4.16 [#/sec] (mean)
Time per request:       48092.929 [ms] (mean)
Time per request:       240.465 [ms] (mean, across all concurrent requests)
Transfer rate:          30.78 [Kbytes/sec] received

Connection Times (ms)
              min  mean[+/-sd] median   max
Connect:      202 12683 10481.0   6757   56079
Processing:     0 25357 28563.4   6834   68895
Waiting:        0 4235 6938.5      0   23650
Total:       2623 38041 24930.0  33070   72133

Percentage of the requests served within a certain time (ms)
  50%  33070
  66%  58174
  75%  67258
  80%  68562
  90%  70430
  95%  71430
  98%  71893
  99%  71982
 100%  72133 (longest request)
===============================================================================
===============================================================================
Send request failed!
Send request failed!
Send request failed!
Send request failed!
Send request failed!
Send request failed!


Server Software:        Apache-Coyote/1.1
Server Hostname:        ec2-184-73-121-5.compute-1.amazonaws.com
Server Port:            8080

Document Path:          /paprika.json
Document Length:        0 bytes

Concurrency Level:      300
Time taken for tests:   69.493 seconds
Complete requests:      400
Failed requests:        470
   (Connect: 0, Receive: 96, Length: 374, Exceptions: 0)
Write errors:           196
Total transferred:      2382532 bytes
HTML transferred:       2323924 bytes
Requests per second:    5.76 [#/sec] (mean)
Time per request:       52119.938 [ms] (mean)
Time per request:       173.733 [ms] (mean, across all concurrent requests)
Transfer rate:          33.48 [Kbytes/sec] received

Connection Times (ms)
              min  mean[+/-sd] median   max
Connect:      162 15899 10214.9  14009   56783
Processing:     0 16258 22473.7   2854   65662
Waiting:        0 1570 3218.1      0   13273
Total:       2148 32157 21158.4  24538   69485

Percentage of the requests served within a certain time (ms)
  50%  24538
  66%  38319
  75%  48196
  80%  60490
  90%  65825
  95%  67458
  98%  68114
  99%  68809
 100%  69485 (longest request)
===============================================================================
===============================================================================
Concurrency Level:      10
Time taken for tests:   18.532 seconds
Complete requests:      100
Failed requests:        182
   (Connect: 0, Receive: 86, Length: 96, Exceptions: 0)
Write errors:           10
Total transferred:      352364 bytes
HTML transferred:       337416 bytes
Requests per second:    5.40 [#/sec] (mean)
Time per request:       1853.239 [ms] (mean)
Time per request:       185.324 [ms] (mean, across all concurrent requests)
Transfer rate:          18.57 [Kbytes/sec] received

Connection Times (ms)
              min  mean[+/-sd] median   max
Connect:      163 1063 1614.0    595    9387
Processing:     0  855 2170.1    126    8970
Waiting:        0   14  80.2      0     545
Total:        455 1918 2552.6    721    9643

Percentage of the requests served within a certain time (ms)
  50%    721
  66%   1010
  75%   1342
  80%   3534
  90%   5909
  95%   9255
  98%   9553
  99%   9643
 100%   9643 (longest request)
===============================================================================
===============================================================================
Concurrency Level:      50
Time taken for tests:   23.578 seconds
Complete requests:      150
Failed requests:        206
   (Connect: 0, Receive: 64, Length: 142, Exceptions: 0)
Write errors:           80
Total transferred:      552958 bytes
HTML transferred:       530018 bytes
Requests per second:    6.36 [#/sec] (mean)
Time per request:       7859.221 [ms] (mean)
Time per request:       157.184 [ms] (mean, across all concurrent requests)
Transfer rate:          22.90 [Kbytes/sec] received

Connection Times (ms)
              min  mean[+/-sd] median   max
Connect:      158 4007 1966.9   4165   13051
Processing:     0 1860 4472.4      7   20997
Waiting:        0   84 400.9      0    2574
Total:       1121 5866 4254.2   5095   22697

Percentage of the requests served within a certain time (ms)
  50%   5095
  66%   5464
  75%   5985
  80%   6362
  90%  10679
  95%  15941
  98%  21539
  99%  21878
 100%  22697 (longest request)
===============================================================================
===============================================================================
Concurrency Level:      100
Time taken for tests:   36.687 seconds
Complete requests:      200
Failed requests:        180
   (Connect: 0, Receive: 26, Length: 154, Exceptions: 0)
Write errors:           128
Total transferred:      1082428 bytes
HTML transferred:       1051200 bytes
Requests per second:    5.45 [#/sec] (mean)
Time per request:       18343.592 [ms] (mean)
Time per request:       183.436 [ms] (mean, across all concurrent requests)
Transfer rate:          28.81 [Kbytes/sec] received

Connection Times (ms)
              min  mean[+/-sd] median   max
Connect:      989 6131 3713.8   4986   31392
Processing:     0 7707 12940.9      0   32808
Waiting:        0 1447 2783.4      0    7939
Total:       1380 13837 12129.9   7860   36685

Percentage of the requests served within a certain time (ms)
  50%   7860
  66%  11313
  75%  19992
  80%  33602
  90%  35212
  95%  35838
  98%  36157
  99%  36666
 100%  36685 (longest request)
===============================================================================
===============================================================================
Concurrency Level:      200
Time taken for tests:   111.984 seconds
Complete requests:      300
Failed requests:        243
   (Connect: 0, Receive: 69, Length: 174, Exceptions: 0)
Write errors:           105
Total transferred:      2462684 bytes
HTML transferred:       2417396 bytes
Requests per second:    2.68 [#/sec] (mean)
Time per request:       74655.915 [ms] (mean)
Time per request:       373.280 [ms] (mean, across all concurrent requests)
Transfer rate:          21.48 [Kbytes/sec] received

Connection Times (ms)
              min  mean[+/-sd] median   max
Connect:     1155 18413 18068.4  10411   97039
Processing:     0 39605 42667.5   7247  105979
Waiting:        0 3612 4719.8      0   15854
Total:       1727 58018 39643.2  53316  111982

Percentage of the requests served within a certain time (ms)
  50%  53316
  66%  97039
  75%  99944
  80%  101571
  90%  105439
  95%  108428
  98%  109803
  99%  111166
 100%  111982 (longest request)
===============================================================================
===============================================================================
Concurrency Level:      300
Time taken for tests:   102.345 seconds
Complete requests:      400
Failed requests:        476
   (Connect: 0, Receive: 151, Length: 325, Exceptions: 0)
Write errors:           211
Total transferred:      2293600 bytes
HTML transferred:       2223152 bytes
Requests per second:    3.91 [#/sec] (mean)
Time per request:       76758.637 [ms] (mean)
Time per request:       255.862 [ms] (mean, across all concurrent requests)
Transfer rate:          21.89 [Kbytes/sec] received

Connection Times (ms)
              min  mean[+/-sd] median   max
Connect:        0 19540 25979.5  11250  102338
Processing:     0 28885 36992.8   3250   92677
Waiting:        0  576 1604.2      0    7609
Total:       2377 48425 34089.5  42305  102338

Percentage of the requests served within a certain time (ms)
  50%  42305
  66%  82493
  75%  82496
  80%  82497
  90%  92907
  95%  101313
  98%  102335
  99%  102336
 100%  102338 (longest request)
===============================================================================
===============================================================================
Concurrency Level:      10
Time taken for tests:   1.490 seconds
Complete requests:      100
Failed requests:        100
   (Connect: 0, Receive: 100, Length: 0, Exceptions: 0)
Write errors:           0
Total transferred:      0 bytes
HTML transferred:       0 bytes
Requests per second:    67.14 [#/sec] (mean)
Time per request:       148.953 [ms] (mean)
Time per request:       14.895 [ms] (mean, across all concurrent requests)
Transfer rate:          0.00 [Kbytes/sec] received

Connection Times (ms)
              min  mean[+/-sd] median   max
Connect:        0    0   0.0      0       0
Processing:   114  142  23.5    137     205
Waiting:        0    0   0.0      0       0
Total:        114  142  23.5    137     205

Percentage of the requests served within a certain time (ms)
  50%    137
  66%    146
  75%    152
  80%    155
  90%    197
  95%    199
  98%    202
  99%    205
 100%    205 (longest request)
===============================================================================
===============================================================================
Concurrency Level:      50
Time taken for tests:   0.929 seconds
Complete requests:      150
Failed requests:        150
   (Connect: 0, Receive: 150, Length: 0, Exceptions: 0)
Write errors:           0
Total transferred:      0 bytes
HTML transferred:       0 bytes
Requests per second:    161.45 [#/sec] (mean)
Time per request:       309.685 [ms] (mean)
Time per request:       6.194 [ms] (mean, across all concurrent requests)
Transfer rate:          0.00 [Kbytes/sec] received

Connection Times (ms)
              min  mean[+/-sd] median   max
Connect:        0    0   0.0      0       0
Processing:   117  186  35.6    176     258
Waiting:        0    0   0.0      0       0
Total:        117  186  35.6    176     258

Percentage of the requests served within a certain time (ms)
  50%    176
  66%    199
  75%    210
  80%    223
  90%    244
  95%    251
  98%    257
  99%    257
 100%    258 (longest request)
===============================================================================
===============================================================================
Concurrency Level:      100
Time taken for tests:   1.014 seconds
Complete requests:      200
Failed requests:        200
   (Connect: 0, Receive: 200, Length: 0, Exceptions: 0)
Write errors:           0
Total transferred:      0 bytes
HTML transferred:       0 bytes
Requests per second:    197.33 [#/sec] (mean)
Time per request:       506.772 [ms] (mean)
Time per request:       5.068 [ms] (mean, across all concurrent requests)
Transfer rate:          0.00 [Kbytes/sec] received

Connection Times (ms)
              min  mean[+/-sd] median   max
Connect:        0    0   0.0      0       0
Processing:   114  163  27.3    159     243
Waiting:        0    0   0.0      0       0
Total:        114  163  27.3    159     243

Percentage of the requests served within a certain time (ms)
  50%    159
  66%    169
  75%    180
  80%    186
  90%    204
  95%    213
  98%    228
  99%    231
 100%    243 (longest request)
===============================================================================
===============================================================================
Concurrency Level:      200
Time taken for tests:   1.532 seconds
Complete requests:      300
Failed requests:        300
   (Connect: 0, Receive: 300, Length: 0, Exceptions: 0)
Write errors:           0
Total transferred:      0 bytes
HTML transferred:       0 bytes
Requests per second:    195.76 [#/sec] (mean)
Time per request:       1021.645 [ms] (mean)
Time per request:       5.108 [ms] (mean, across all concurrent requests)
Transfer rate:          0.00 [Kbytes/sec] received

Connection Times (ms)
              min  mean[+/-sd] median   max
Connect:        0    0   0.0      0       0
Processing:   119  294 354.1    174    1336
Waiting:        0    0   0.0      0       0
Total:        119  294 354.1    174    1336

Percentage of the requests served within a certain time (ms)
  50%    174
  66%    194
  75%    200
  80%    207
  90%   1303
  95%   1312
  98%   1331
  99%   1336
 100%   1336 (longest request)
===============================================================================
===============================================================================
Concurrency Level:      300
Time taken for tests:   2.151 seconds
Complete requests:      400
Failed requests:        401
   (Connect: 0, Receive: 401, Length: 0, Exceptions: 0)
Write errors:           0
Total transferred:      0 bytes
HTML transferred:       0 bytes
Requests per second:    185.93 [#/sec] (mean)
Time per request:       1613.495 [ms] (mean)
Time per request:       5.378 [ms] (mean, across all concurrent requests)
Transfer rate:          0.00 [Kbytes/sec] received

Connection Times (ms)
              min  mean[+/-sd] median   max
Connect:        0    0   0.0      0       0
Processing:   119  293 310.6    221    1420
Waiting:        0    0   0.0      0       0
Total:        119  293 310.6    221    1420

Percentage of the requests served within a certain time (ms)
  50%    221
  66%    235
  75%    247
  80%    259
  90%    285
  95%   1342
  98%   1352
  99%   1395
 100%   1420 (longest request)
===============================================================================
===============================================================================
