Concurrency Level:      2
Time taken for tests:   405.920 seconds
Complete requests:      100
Failed requests:        199
   (Connect: 0, Receive: 99, Length: 100, Exceptions: 0)
Write errors:           1
Total transferred:      1355264 bytes
HTML transferred:       1339964 bytes
Requests per second:    0.25 [#/sec] (mean)
Time per request:       8118.401 [ms] (mean)
Time per request:       4059.200 [ms] (mean, across all concurrent requests)
Transfer rate:          3.26 [Kbytes/sec] received

Connection Times (ms)
              min  mean[+/-sd] median   max
Connect:      250 1094 2600.3    539   16295
Processing:     0 7098 3224.5   7146   16408
Waiting:        0   27  23.2     29     132
Total:        747 8192 4074.8   7695   23994

Percentage of the requests served within a certain time (ms)
  50%   7695
  66%   9102
  75%  10018
  80%  10321
  90%  12157
  95%  15258
  98%  23483
  99%  23994
 100%  23994 (longest request)
