Connection: close

{"id":"51796511e4b0a6f7d5fb8470","operation":"insert"}

LOG: Response code = 200
LOG: header received:
HTTP/1.1 200 OK
Server: Apache-Coyote/1.1
Content-Type: application/json;charset=UTF-8
Content-Length: 55
Date: Thu, 25 Apr 2013 17:17:05 GMT
Connection: close

{"id":"51796511e4b0a6f7d5fb8471","operation":"insert"}

LOG: Response code = 200
LOG: header received:
HTTP/1.1 200 OK
Server: Apache-Coyote/1.1
Content-Type: application/json;charset=UTF-8
Content-Length: 55
Date: Thu, 25 Apr 2013 17:17:06 GMT
Connection: close

{"id":"51796512e4b0a6f7d5fb8472","operation":"insert"}

LOG: Response code = 200
LOG: header received:
HTTP/1.1 200 OK
Server: Apache-Coyote/1.1
Content-Type: application/json;charset=UTF-8
Content-Length: 55
Date: Thu, 25 Apr 2013 17:17:06 GMT
Connection: close

{"id":"51796512e4b0a6f7d5fb8473","operation":"insert"}

LOG: Response code = 200
LOG: header received:
HTTP/1.1 200 OK
Server: Apache-Coyote/1.1
Content-Type: application/json;charset=UTF-8
Content-Length: 55
Date: Thu, 25 Apr 2013 17:17:06 GMT
Connection: close

{"id":"51796513e4b0a6f7d5fb8474","operation":"insert"}

LOG: Response code = 200
LOG: header received:
HTTP/1.1 200 OK
Server: Apache-Coyote/1.1
Content-Type: application/json;charset=UTF-8
Content-Length: 55
Date: Thu, 25 Apr 2013 17:17:08 GMT
Connection: close

{"id":"51796514e4b0a6f7d5fb8475","operation":"insert"}

LOG: Response code = 200
..done


Server Software:        Apache-Coyote/1.1
Server Hostname:        ec2-184-73-36-30.compute-1.amazonaws.com
Server Port:            8080

Document Path:          /servletMobile/mobile?param=%7Baction:1310,accessToken=%22AAFFRRDDFFSFF%22,geotag:%7B%22title%22:%22teste%22,%22text%22:%22teste%22,%22infobox%22:%7B%22title%22:%22teste%22,%22text%22:%22asfdasfasdfsdafasdf%22%7D,%22location%22:%7B%22lng%22:49,%22lat%22:96%7D,%22image%22:%7B%22id%22:%220%22,%22mime%22:%22%22%7D,%22type%22:%22text%22,%22uncodedTitle%22:%22teste%22,%22uncodedText%22:%22teste%22,%22fbUserId%22:123456789,%22fbChecked%22:false,%22userId%22:1,%22scenarioId%22:%221%22,%22id%22:%22%22,fbEmail:%22marta.silva@habanero.com%22,fbFstName=%22Marta%22,fbLstName=%22Silva%22,fbUserName=%22tt%22%7D%7D
Document Length:        0 bytes

Concurrency Level:      10
Time taken for tests:   19.553 seconds
Complete requests:      100
Failed requests:        97
   (Connect: 0, Receive: 0, Length: 97, Exceptions: 0)
Write errors:           3
Total transferred:      21854 bytes
HTML transferred:       5390 bytes
Requests per second:    5.11 [#/sec] (mean)
Time per request:       1955.305 [ms] (mean)
Time per request:       195.530 [ms] (mean, across all concurrent requests)
Transfer rate:          1.09 [Kbytes/sec] received

Connection Times (ms)
              min  mean[+/-sd] median   max
Connect:      441 1643 1145.8   1075    6174
Processing:     0   39 140.3      3     907
Waiting:        0   21 112.0      1     736
Total:        441 1682 1164.7   1076    6178

Percentage of the requests served within a certain time (ms)
  50%   1076
  66%   1933
  75%   2388
  80%   2656
  90%   3072
  95%   4081
  98%   6116
  99%   6178
 100%   6178 (longest request)
===============================================================================
===============================================================================
Document Length:        55 bytes

Concurrency Level:      50
Time taken for tests:   22.452 seconds
Complete requests:      150
Failed requests:        29
   (Connect: 0, Receive: 29, Length: 0, Exceptions: 0)
Write errors:           2
Total transferred:      33004 bytes
HTML transferred:       8140 bytes
Requests per second:    6.68 [#/sec] (mean)
Time per request:       7483.839 [ms] (mean)
Time per request:       149.677 [ms] (mean, across all concurrent requests)
Transfer rate:          1.44 [Kbytes/sec] received

Connection Times (ms)
              min  mean[+/-sd] median   max
Connect:      166 5192 3689.7   3701   11095
Processing:     0  745 1720.2      3   10916
Waiting:        0  317 1365.9      1   10863
Total:       1020 5936 4208.4   4139   11986

Percentage of the requests served within a certain time (ms)
  50%   4139
  66%  10164
  75%  11094
  80%  11095
  90%  11985
  95%  11986
  98%  11986
  99%  11986
 100%  11986 (longest request)
===============================================================================
===============================================================================

Concurrency Level:      100
Time taken for tests:   34.473 seconds
Complete requests:      200
Failed requests:        85
   (Connect: 0, Receive: 62, Length: 23, Exceptions: 0)
Write errors:           42
Total transferred:      39248 bytes
HTML transferred:       9680 bytes
Requests per second:    5.80 [#/sec] (mean)
Time per request:       17236.620 [ms] (mean)
Time per request:       172.366 [ms] (mean, across all concurrent requests)
Transfer rate:          1.11 [Kbytes/sec] received

Connection Times (ms)
              min  mean[+/-sd] median   max
Connect:      120 9367 7076.0   8142   34033
Processing:     0 5472 6806.5   1962   22663
Waiting:        0 3819 5531.3      1   17466
Total:        439 14839 9259.6  14775   34034

Percentage of the requests served within a certain time (ms)
  50%  14775
  66%  20569
  75%  23732
  80%  25396
  90%  28986
  95%  29054
  98%  30938
  99%  30938
 100%  34034 (longest request)
===============================================================================
===============================================================================
Concurrency Level:      200
Time taken for tests:   47.299 seconds
Complete requests:      300
Failed requests:        121
   (Connect: 0, Receive: 30, Length: 91, Exceptions: 0)
Write errors:           29
Total transferred:      46384 bytes
HTML transferred:       11440 bytes
Requests per second:    6.34 [#/sec] (mean)
Time per request:       31532.805 [ms] (mean)
Time per request:       157.664 [ms] (mean, across all concurrent requests)
Transfer rate:          0.96 [Kbytes/sec] received

Connection Times (ms)
              min  mean[+/-sd] median   max
Connect:      323 12195 11832.6   5478   31981
Processing:     0 4495 7823.8    187   30109
Waiting:        0 2172 6496.8      0   27584
Total:        949 16690 14579.3   7479   42228

Percentage of the requests served within a certain time (ms)
  50%   7479
  66%  26286
  75%  33853
  80%  34504
  90%  40415
  95%  40497
  98%  40523
  99%  42185
 100%  42228 (longest request)
===============================================================================
===============================================================================
Concurrency Level:      300
Time taken for tests:   61.452 seconds
Complete requests:      400
Failed requests:        452
   (Connect: 0, Receive: 231, Length: 221, Exceptions: 0)
Write errors:           63
Total transferred:      70914 bytes
HTML transferred:       17490 bytes
Requests per second:    6.51 [#/sec] (mean)
Time per request:       46089.270 [ms] (mean)
Time per request:       153.631 [ms] (mean, across all concurrent requests)
Transfer rate:          1.13 [Kbytes/sec] received

Connection Times (ms)
              min  mean[+/-sd] median   max
Connect:      138 22379 8935.0  21861   49994
Processing:     0 11014 7086.7  10188   31778
Waiting:        0 4170 5829.3      0   31504
Total:       1316 33393 11853.1  32050   61450

Percentage of the requests served within a certain time (ms)
  50%  32050
  66%  38380
  75%  42272
  80%  44430
  90%  49994
  95%  49995
  98%  61450
  99%  61450
 100%  61450 (longest request)
===============================================================================
===============================================================================
