Concurrency Level:      10
Time taken for tests:   16.697 seconds
Complete requests:      100
Failed requests:        180
   (Connect: 0, Receive: 83, Length: 97, Exceptions: 0)
Write errors:           14
Total transferred:      307784 bytes
HTML transferred:       292836 bytes
Requests per second:    5.99 [#/sec] (mean)
Time per request:       1669.689 [ms] (mean)
Time per request:       166.969 [ms] (mean, across all concurrent requests)
Transfer rate:          18.00 [Kbytes/sec] received

Connection Times (ms)
              min  mean[+/-sd] median   max
Connect:      119  560 218.3    487    1805
Processing:     0 1014 2689.3    137   10230
Waiting:        0    7  44.4      0     324
Total:        404 1573 2701.4    644   10691

Percentage of the requests served within a certain time (ms)
  50%    644
  66%    784
  75%    885
  80%   1010
  90%   1805
  95%  10229
  98%  10614
  99%  10691
 100%  10691 (longest request)
===============================================================================
===============================================================================
Concurrency Level:      50
Time taken for tests:   24.747 seconds
Complete requests:      150
Failed requests:        211
   (Connect: 0, Receive: 69, Length: 142, Exceptions: 0)
Write errors:           73
Total transferred:      579824 bytes
HTML transferred:       556588 bytes
Requests per second:    6.06 [#/sec] (mean)
Time per request:       8249.005 [ms] (mean)
Time per request:       164.980 [ms] (mean, across all concurrent requests)
Transfer rate:          22.88 [Kbytes/sec] received

Connection Times (ms)
              min  mean[+/-sd] median   max
Connect:      205 4182 2381.5   3947   12635
Processing:     0 2372 5132.0    691   22894
Waiting:        0  110 522.0      0    3008
Total:       1059 6554 4979.0   5500   24746

Percentage of the requests served within a certain time (ms)
  50%   5500
  66%   6945
  75%   7735
  80%   8106
  90%  11779
  95%  21362
  98%  24746
  99%  24746
 100%  24746 (longest request)
===============================================================================
===============================================================================
Concurrency Level:      100
Time taken for tests:   44.581 seconds
Complete requests:      200
Failed requests:        192
   (Connect: 0, Receive: 43, Length: 149, Exceptions: 0)
Write errors:           106
Total transferred:      1226518 bytes
HTML transferred:       1196178 bytes
Requests per second:    4.49 [#/sec] (mean)
Time per request:       22290.580 [ms] (mean)
Time per request:       222.906 [ms] (mean, across all concurrent requests)
Transfer rate:          26.87 [Kbytes/sec] received

Connection Times (ms)
              min  mean[+/-sd] median   max
Connect:      171 7367 6820.1   5011   41226
Processing:     0 11233 17378.3    213   42634
Waiting:        0  851 1631.7      0    5492
Total:       1091 18600 15798.1  12763   44507

Percentage of the requests served within a certain time (ms)
  50%  12763
  66%  19358
  75%  41227
  80%  42529
  90%  43404
  95%  43777
  98%  44285
  99%  44505
 100%  44507 (longest request)
===============================================================================
===============================================================================
Concurrency Level:      200
Time taken for tests:   77.769 seconds
Complete requests:      300
Failed requests:        332
   (Connect: 0, Receive: 36, Length: 296, Exceptions: 0)
Write errors:           111
Total transferred:      2590530 bytes
HTML transferred:       2545834 bytes
Requests per second:    3.86 [#/sec] (mean)
Time per request:       51845.781 [ms] (mean)
Time per request:       259.229 [ms] (mean, across all concurrent requests)
Transfer rate:          32.53 [Kbytes/sec] received

Connection Times (ms)
              min  mean[+/-sd] median   max
Connect:      234 12252 9312.0   9566   52691
Processing:     0 31519 30382.7  47770   72145
Waiting:        0 3437 3930.0   1201   14408
Total:       1849 43770 29606.4  65897   77765

Percentage of the requests served within a certain time (ms)
  50%  65897
  66%  70402
  75%  71798
  80%  72537
  90%  74581
  95%  75281
  98%  76641
  99%  76883
 100%  77765 (longest request)
===============================================================================
===============================================================================
Concurrency Level:      300
Time taken for tests:   80.844 seconds
Complete requests:      400
Failed requests:        500
   (Connect: 0, Receive: 131, Length: 369, Exceptions: 0)
Write errors:           238
Total transferred:      2541982 bytes
HTML transferred:       2476418 bytes
Requests per second:    4.95 [#/sec] (mean)
Time per request:       60632.803 [ms] (mean)
Time per request:       202.109 [ms] (mean, across all concurrent requests)
Transfer rate:          30.71 [Kbytes/sec] received

Connection Times (ms)
              min  mean[+/-sd] median   max
Connect:        0 17344 18757.9  12141   80841
Processing:     0 15404 24165.0     10   80841
Waiting:        0 1404 2759.7      0    9380
Total:       1278 32748 26966.8  20699   80841

Percentage of the requests served within a certain time (ms)
  50%  20699
  66%  36313
  75%  64658
  80%  66504
  90%  71709
  95%  80841
  98%  80841
  99%  80841
 100%  80841 (longest request)
===============================================================================
===============================================================================
