
Concurrency Level:      2
Time taken for tests:   18.360 seconds
Complete requests:      100
Failed requests:        0
Write errors:           1
Total transferred:      22572 bytes
HTML transferred:       5445 bytes
Requests per second:    5.45 [#/sec] (mean)
Time per request:       367.201 [ms] (mean)
Time per request:       183.600 [ms] (mean, across all concurrent requests)
Transfer rate:          1.20 [Kbytes/sec] received

Connection Times (ms)
              min  mean[+/-sd] median   max
Connect:      117  354  76.9    342     620
Processing:     0   11  36.6      5     335
Waiting:        0   10  33.5      4     335
Total:        262  366  74.2    349     625

Percentage of the requests served within a certain time (ms)
  50%    349
  66%    398
  75%    419
  80%    430
  90%    452
  95%    495
  98%    600
  99%    625
 100%    625 (longest request)
===============================================================================
===============================================================================

Concurrency Level:      2
Time taken for tests:   26.260 seconds
Complete requests:      150
Failed requests:        0
Write errors:           1
Total transferred:      33972 bytes
HTML transferred:       8195 bytes
Requests per second:    5.71 [#/sec] (mean)
Time per request:       350.139 [ms] (mean)
Time per request:       175.070 [ms] (mean, across all concurrent requests)
Transfer rate:          1.26 [Kbytes/sec] received

Connection Times (ms)
              min  mean[+/-sd] median   max
Connect:      111  342  46.3    347     471
Processing:     0    8  33.0      4     376
Waiting:        0    6  30.5      4     376
Total:        264  350  45.4    352     487

Percentage of the requests served within a certain time (ms)
  50%    352
  66%    366
  75%    376
  80%    381
  90%    410
  95%    425
  98%    478
  99%    487
 100%    487 (longest request)
===============================================================================
===============================================================================

Concurrency Level:      2
Time taken for tests:   33.754 seconds
Complete requests:      200
Failed requests:        0
Write errors:           1
Total transferred:      45372 bytes
HTML transferred:       10945 bytes
Requests per second:    5.93 [#/sec] (mean)
Time per request:       337.537 [ms] (mean)
Time per request:       168.769 [ms] (mean, across all concurrent requests)
Transfer rate:          1.31 [Kbytes/sec] received

Connection Times (ms)
              min  mean[+/-sd] median   max
Connect:      163  329  78.0    326    1244
Processing:     0    7  25.1      4     323
Waiting:        0    6  22.7      4     323
Total:        245  336  78.8    331    1249

Percentage of the requests served within a certain time (ms)
  50%    331
  66%    348
  75%    357
  80%    369
  90%    392
  95%    415
  98%    438
  99%    486
 100%   1249 (longest request)
===============================================================================
===============================================================================

Concurrency Level:      2
Time taken for tests:   54.429 seconds
Complete requests:      300
Failed requests:        0
Write errors:           1
Total transferred:      68172 bytes
HTML transferred:       16445 bytes
Requests per second:    5.51 [#/sec] (mean)
Time per request:       362.860 [ms] (mean)
Time per request:       181.430 [ms] (mean, across all concurrent requests)
Transfer rate:          1.22 [Kbytes/sec] received

Connection Times (ms)
              min  mean[+/-sd] median   max
Connect:      122  354  75.4    345    1169
Processing:     0    7  18.4      5     289
Waiting:        0    7  16.6      5     289
Total:        257  362  73.9    353    1174

Percentage of the requests served within a certain time (ms)
  50%    353
  66%    372
  75%    389
  80%    398
  90%    437
  95%    466
  98%    528
  99%    616
 100%   1174 (longest request)
===============================================================================
===============================================================================

Concurrency Level:      2
Time taken for tests:   73.660 seconds
Complete requests:      400
Failed requests:        0
Write errors:           1
Total transferred:      90972 bytes
HTML transferred:       21945 bytes
Requests per second:    5.43 [#/sec] (mean)
Time per request:       368.302 [ms] (mean)
Time per request:       184.151 [ms] (mean, across all concurrent requests)
Transfer rate:          1.21 [Kbytes/sec] received

Connection Times (ms)
              min  mean[+/-sd] median   max
Connect:      142  360  86.8    350    1313
Processing:     0    8  21.2      5     393
Waiting:        0    7  19.9      5     393
Total:        262  368  86.9    357    1319

Percentage of the requests served within a certain time (ms)
  50%    357
  66%    377
  75%    393
  80%    401
  90%    429
  95%    466
  98%    518
  99%    615
 100%   1319 (longest request)
===============================================================================
===============================================================================
