This is ApacheBench, Version 2.3 <$Revision: 655654 $>
Copyright 1996 Adam Twiss, Zeus Technology Ltd, http://www.zeustech.net/
Licensed to The Apache Software Foundation, http://www.apache.org/

Benchmarking ec2-107-20-121-12.compute-1.amazonaws.com (be patient)
socket: Too many open files (24)
INFO: POST header == 
---
GET /servletMobile/mobile?param=%7Baction:1310,accessToken=%22AAFFRRDDFFSFF%22,geotag:%7B%22title%22:%22teste%22,%22text%22:%22teste%22,%22infobox%22:%7B%22title%22:%22teste%22,%22text%22:%22asfdasfasdfsdafasdf%22%7D,%22location%22:%7B%22lng%22:10736,%22lat%22:24368%7D,%22image%22:%7B%22id%22:%220%22,%22mime%22:%22%22%7D,%22type%22:%22text%22,%22uncodedTitle%22:%22teste%22,%22uncodedText%22:%22teste%22,%22fbUserId%22:123456789,%22fbChecked%22:false,%22userId%22:1,%22scenarioId%22:%221%22,%22id%22:%22%22,fbEmail:%22marta.silva@habanero.com%22,fbFstName=%22Marta%22,fbLstName=%22Silva%22,fbUserName=%22tt%22%7D%7D HTTP/1.0
Authorization: Basic dG9tY2F0OnRvbWNhdA==
Host: ec2-107-20-121-12.compute-1.amazonaws.com:8080
User-Agent: ApacheBench/2.3
Accept: */*


---
===============================================================================
===============================================================================
Date: Fri, 19 Apr 2013 05:19:33 GMT
Connection: close

{"id":"5170d3e5e4b02ba7a452b1b8","operation":"insert"}

LOG: Response code = 200
LOG: header received:
HTTP/1.1 200 OK
Server: Apache-Coyote/1.1
Content-Type: application/json;charset=ISO-8859-1
Content-Length: 55
Date: Fri, 19 Apr 2013 05:19:33 GMT
Connection: close

{"id":"5170d3e5e4b02ba7a452b1b9","operation":"insert"}

LOG: Response code = 200
LOG: header received:
HTTP/1.1 200 OK
Server: Apache-Coyote/1.1
Content-Type: application/json;charset=ISO-8859-1
Content-Length: 55
Date: Fri, 19 Apr 2013 05:19:33 GMT
Connection: close

{"id":"5170d3e5e4b02ba7a452b1ba","operation":"insert"}

LOG: Response code = 200
LOG: header received:
HTTP/1.1 200 OK
Server: Apache-Coyote/1.1
Content-Type: application/json;charset=ISO-8859-1
Content-Length: 55
Date: Fri, 19 Apr 2013 05:19:33 GMT
Connection: close

{"id":"5170d3e5e4b02ba7a452b1bb","operation":"insert"}

LOG: Response code = 200
LOG: header received:
HTTP/1.1 200 OK
Server: Apache-Coyote/1.1
Content-Type: application/json;charset=ISO-8859-1
Content-Length: 55
Date: Fri, 19 Apr 2013 05:19:33 GMT
Connection: close

{"id":"5170d3e5e4b02ba7a452b1bc","operation":"insert"}

LOG: Response code = 200
LOG: header received:
HTTP/1.1 200 OK
Server: Apache-Coyote/1.1
Content-Type: application/json;charset=ISO-8859-1
Content-Length: 55
Date: Fri, 19 Apr 2013 05:19:33 GMT
Connection: close

{"id":"5170d3e6e4b02ba7a452b1bd","operation":"insert"}

LOG: Response code = 200


Server Software:        Apache-Coyote/1.1
Server Hostname:        ec2-107-20-121-12.compute-1.amazonaws.com
Server Port:            8080

Document Path:          /servletMobile/mobile?param=%7Baction:1310,accessToken=%22AAFFRRDDFFSFF%22,geotag:%7B%22title%22:%22teste%22,%22text%22:%22teste%22,%22infobox%22:%7B%22title%22:%22teste%22,%22text%22:%22asfdasfasdfsdafasdf%22%7D,%22location%22:%7B%22lng%22:17361,%22lat%22:30531%7D,%22image%22:%7B%22id%22:%220%22,%22mime%22:%22%22%7D,%22type%22:%22text%22,%22uncodedTitle%22:%22teste%22,%22uncodedText%22:%22teste%22,%22fbUserId%22:123456789,%22fbChecked%22:false,%22userId%22:1,%22scenarioId%22:%221%22,%22id%22:%22%22,fbEmail:%22marta.silva@habanero.com%22,fbFstName=%22Marta%22,fbLstName=%22Silva%22,fbUserName=%22tt%22%7D%7D
Document Length:        55 bytes

Concurrency Level:      300
Time taken for tests:   61.680 seconds
Complete requests:      400
Failed requests:        387
   (Connect: 0, Receive: 182, Length: 205, Exceptions: 0)
Write errors:           57
Total transferred:      48336 bytes
HTML transferred:       11660 bytes
Requests per second:    6.49 [#/sec] (mean)
Time per request:       46259.878 [ms] (mean)
Time per request:       154.200 [ms] (mean, across all concurrent requests)
Transfer rate:          0.77 [Kbytes/sec] received

Connection Times (ms)
              min  mean[+/-sd] median   max
Connect:      170 24611 14359.8  17979   60408
Processing:     0 12341 13787.5   5592   42424
Waiting:        0 3578 8948.1      0   31154
Total:       1168 36953 17570.6  39111   61677

Percentage of the requests served within a certain time (ms)
  50%  39111
  66%  49132
  75%  49136
  80%  53596
  90%  60405
  95%  61676
  98%  61676
  99%  61677
 100%  61677 (longest request)
===============================================================================
===============================================================================
Connection: close

{"id":"5170d4d8e4b02ba7a452b2cb","operation":"insert"}

LOG: Response code = 200
LOG: header received:
HTTP/1.1 200 OK
Server: Apache-Coyote/1.1
Content-Type: application/json;charset=ISO-8859-1
Content-Length: 55
Date: Fri, 19 Apr 2013 05:23:35 GMT
Connection: close

{"id":"5170d4d8e4b02ba7a452b2cc","operation":"insert"}

LOG: Response code = 200
LOG: header received:
HTTP/1.1 200 OK
Server: Apache-Coyote/1.1
Content-Type: application/json;charset=ISO-8859-1
Content-Length: 55
Date: Fri, 19 Apr 2013 05:23:36 GMT
Connection: close

{"id":"5170d4d8e4b02ba7a452b2cd","operation":"insert"}

LOG: Response code = 200
LOG: header received:
HTTP/1.1 200 OK
Server: Apache-Coyote/1.1
Content-Type: application/json;charset=ISO-8859-1
Content-Length: 55
Date: Fri, 19 Apr 2013 05:23:36 GMT
Connection: close

{"id":"5170d4d8e4b02ba7a452b2ce","operation":"insert"}

LOG: Response code = 200
LOG: header received:
HTTP/1.1 200 OK
Server: Apache-Coyote/1.1
Content-Type: application/json;charset=ISO-8859-1
Content-Length: 55
Date: Fri, 19 Apr 2013 05:23:36 GMT
Connection: close

{"id":"5170d4d8e4b02ba7a452b2cf","operation":"insert"}

LOG: Response code = 200
LOG: header received:
HTTP/1.1 200 OK
Server: Apache-Coyote/1.1
Content-Type: application/json;charset=ISO-8859-1
Content-Length: 55
Date: Fri, 19 Apr 2013 05:23:36 GMT
Connection: close

{"id":"5170d4d8e4b02ba7a452b2d0","operation":"insert"}

LOG: Response code = 200
..done


Server Software:        Apache-Coyote/1.1
Server Hostname:        ec2-107-20-121-12.compute-1.amazonaws.com
Server Port:            8080

Document Path:          /servletMobile/mobile?param=%7Baction:1310,accessToken=%22AAFFRRDDFFSFF%22,geotag:%7B%22title%22:%22teste%22,%22text%22:%22teste%22,%22infobox%22:%7B%22title%22:%22teste%22,%22text%22:%22asfdasfasdfsdafasdf%22%7D,%22location%22:%7B%22lng%22:28354,%22lat%22:8489%7D,%22image%22:%7B%22id%22:%220%22,%22mime%22:%22%22%7D,%22type%22:%22text%22,%22uncodedTitle%22:%22teste%22,%22uncodedText%22:%22teste%22,%22fbUserId%22:123456789,%22fbChecked%22:false,%22userId%22:1,%22scenarioId%22:%221%22,%22id%22:%22%22,fbEmail:%22marta.silva@habanero.com%22,fbFstName=%22Marta%22,fbLstName=%22Silva%22,fbUserName=%22tt%22%7D%7D
Document Length:        55 bytes

Concurrency Level:      50
Time taken for tests:   21.226 seconds
Complete requests:      100
Failed requests:        16
   (Connect: 0, Receive: 15, Length: 1, Exceptions: 0)
Write errors:           6
Total transferred:      22344 bytes
HTML transferred:       5390 bytes
Requests per second:    4.71 [#/sec] (mean)
Time per request:       10612.796 [ms] (mean)
Time per request:       212.256 [ms] (mean, across all concurrent requests)
Transfer rate:          1.03 [Kbytes/sec] received

Connection Times (ms)
              min  mean[+/-sd] median   max
Connect:      113 7747 6504.9   4507   16827
Processing:     0 1172 3052.1     12   15108
Waiting:        0  561 2539.0      8   15098
Total:       1096 8919 6206.6   5706   16836

Percentage of the requests served within a certain time (ms)
  50%   5706
  66%  15286
  75%  15286
  80%  15287
  90%  15287
  95%  16575
  98%  16813
  99%  16836
 100%  16836 (longest request)
===============================================================================
===============================================================================
Date: Fri, 19 Apr 2013 05:24:17 GMT
Connection: close

{"id":"5170d502e4b02ba7a452b3ba","operation":"insert"}

LOG: Response code = 200
LOG: header received:
HTTP/1.1 200 OK
Server: Apache-Coyote/1.1
Content-Type: application/json;charset=ISO-8859-1
Content-Length: 55
Date: Fri, 19 Apr 2013 05:24:17 GMT
Connection: close

{"id":"5170d502e4b02ba7a452b3bb","operation":"insert"}

LOG: Response code = 200
LOG: header received:
HTTP/1.1 200 OK
Server: Apache-Coyote/1.1
Content-Type: application/json;charset=ISO-8859-1
Content-Length: 55
Date: Fri, 19 Apr 2013 05:24:17 GMT
Connection: close

{"id":"5170d502e4b02ba7a452b3bc","operation":"insert"}

LOG: Response code = 200
LOG: header received:
HTTP/1.1 200 OK
Server: Apache-Coyote/1.1
Content-Type: application/json;charset=ISO-8859-1
Content-Length: 55
Date: Fri, 19 Apr 2013 05:24:18 GMT
Connection: close

{"id":"5170d502e4b02ba7a452b3bd","operation":"insert"}

LOG: Response code = 200
LOG: header received:
HTTP/1.1 200 OK
Server: Apache-Coyote/1.1
Content-Type: application/json;charset=ISO-8859-1
Content-Length: 55
Date: Fri, 19 Apr 2013 05:24:18 GMT
Connection: close

{"id":"5170d502e4b02ba7a452b3be","operation":"insert"}

LOG: Response code = 200
LOG: header received:
HTTP/1.1 200 OK
Server: Apache-Coyote/1.1
Content-Type: application/json;charset=ISO-8859-1
Content-Length: 55
Date: Fri, 19 Apr 2013 05:24:18 GMT
Connection: close

{"id":"5170d502e4b02ba7a452b3bf","operation":"insert"}

LOG: Response code = 200


Server Software:        Apache-Coyote/1.1
Server Hostname:        ec2-107-20-121-12.compute-1.amazonaws.com
Server Port:            8080

Document Path:          /servletMobile/mobile?param=%7Baction:1310,accessToken=%22AAFFRRDDFFSFF%22,geotag:%7B%22title%22:%22teste%22,%22text%22:%22teste%22,%22infobox%22:%7B%22title%22:%22teste%22,%22text%22:%22asfdasfasdfsdafasdf%22%7D,%22location%22:%7B%22lng%22:27871,%22lat%22:15717%7D,%22image%22:%7B%22id%22:%220%22,%22mime%22:%22%22%7D,%22type%22:%22text%22,%22uncodedTitle%22:%22teste%22,%22uncodedText%22:%22teste%22,%22fbUserId%22:123456789,%22fbChecked%22:false,%22userId%22:1,%22scenarioId%22:%221%22,%22id%22:%22%22,fbEmail:%22marta.silva@habanero.com%22,fbFstName=%22Marta%22,fbLstName=%22Silva%22,fbUserName=%22tt%22%7D%7D
Document Length:        55 bytes

Concurrency Level:      100
Time taken for tests:   43.525 seconds
Complete requests:      200
Failed requests:        152
   (Connect: 0, Receive: 133, Length: 19, Exceptions: 0)
Write errors:           83
Total transferred:      46284 bytes
HTML transferred:       11165 bytes
Requests per second:    4.60 [#/sec] (mean)
Time per request:       21762.698 [ms] (mean)
Time per request:       217.627 [ms] (mean, across all concurrent requests)
Transfer rate:          1.04 [Kbytes/sec] received

Connection Times (ms)
              min  mean[+/-sd] median   max
Connect:      112 12686 7294.5  13580   27796
Processing:     0 6279 5697.3   4004   18993
Waiting:        0 5785 5537.7   5053   16988
Total:       1115 18965 7739.3  19730   34720

Percentage of the requests served within a certain time (ms)
  50%  19730
  66%  23393
  75%  23793
  80%  24005
  90%  25965
  95%  32716
  98%  33052
  99%  34720
 100%  34720 (longest request)
===============================================================================
===============================================================================
Date: Fri, 19 Apr 2013 05:25:29 GMT
Connection: close

{"id":"5170d549e4b02ba7a452b4ff","operation":"insert"}

LOG: Response code = 200
LOG: header received:
HTTP/1.1 200 OK
Server: Apache-Coyote/1.1
Content-Type: application/json;charset=ISO-8859-1
Content-Length: 55
Date: Fri, 19 Apr 2013 05:25:29 GMT
Connection: close

{"id":"5170d549e4b02ba7a452b501","operation":"insert"}

LOG: Response code = 200
LOG: header received:
HTTP/1.1 200 OK
Server: Apache-Coyote/1.1
Content-Type: application/json;charset=ISO-8859-1
Content-Length: 55
Date: Fri, 19 Apr 2013 05:25:29 GMT
Connection: close

{"id":"5170d549e4b02ba7a452b500","operation":"insert"}

LOG: Response code = 200
LOG: header received:
HTTP/1.1 200 OK
Server: Apache-Coyote/1.1
Content-Type: application/json;charset=ISO-8859-1
Content-Length: 55
Date: Fri, 19 Apr 2013 05:25:29 GMT
Connection: close

{"id":"5170d549e4b02ba7a452b502","operation":"insert"}

LOG: Response code = 200
LOG: header received:
HTTP/1.1 200 OK
Server: Apache-Coyote/1.1
Content-Type: application/json;charset=ISO-8859-1
Content-Length: 55
Date: Fri, 19 Apr 2013 05:25:29 GMT
Connection: close

{"id":"5170d549e4b02ba7a452b503","operation":"insert"}

LOG: Response code = 200
LOG: header received:
HTTP/1.1 200 OK
Server: Apache-Coyote/1.1
Content-Type: application/json;charset=ISO-8859-1
Content-Length: 55
Date: Fri, 19 Apr 2013 05:25:29 GMT
Connection: close

{"id":"5170d54ae4b02ba7a452b504","operation":"insert"}

LOG: Response code = 200


Server Software:        Apache-Coyote/1.1
Server Hostname:        ec2-107-20-121-12.compute-1.amazonaws.com
Server Port:            8080

Document Path:          /servletMobile/mobile?param=%7Baction:1310,accessToken=%22AAFFRRDDFFSFF%22,geotag:%7B%22title%22:%22teste%22,%22text%22:%22teste%22,%22infobox%22:%7B%22title%22:%22teste%22,%22text%22:%22asfdasfasdfsdafasdf%22%7D,%22location%22:%7B%22lng%22:21452,%22lat%22:22076%7D,%22image%22:%7B%22id%22:%220%22,%22mime%22:%22%22%7D,%22type%22:%22text%22,%22uncodedTitle%22:%22teste%22,%22uncodedText%22:%22teste%22,%22fbUserId%22:123456789,%22fbChecked%22:false,%22userId%22:1,%22scenarioId%22:%221%22,%22id%22:%22%22,fbEmail:%22marta.silva@habanero.com%22,fbFstName=%22Marta%22,fbLstName=%22Silva%22,fbUserName=%22tt%22%7D%7D
Document Length:        55 bytes

Concurrency Level:      200
Time taken for tests:   64.245 seconds
Complete requests:      400
Failed requests:        262
   (Connect: 0, Receive: 114, Length: 148, Exceptions: 0)
Write errors:           87
Total transferred:      60648 bytes
HTML transferred:       14630 bytes
Requests per second:    6.23 [#/sec] (mean)
Time per request:       32122.311 [ms] (mean)
Time per request:       160.612 [ms] (mean, across all concurrent requests)
Transfer rate:          0.92 [Kbytes/sec] received

Connection Times (ms)
              min  mean[+/-sd] median   max
Connect:      130 16280 10392.8   9061   46352
Processing:     0 11577 15907.7   3438   48489
Waiting:        0 6520 11486.3      0   32767
Total:       1534 27857 16132.3  26686   56815

Percentage of the requests served within a certain time (ms)
  50%  26686
  66%  37554
  75%  40057
  80%  41530
  90%  53548
  95%  56231
  98%  56424
  99%  56812
 100%  56815 (longest request)
===============================================================================
===============================================================================
Date: Fri, 19 Apr 2013 05:27:27 GMT
Connection: close

{"id":"5170d5bfe4b02ba7a452b6cb","operation":"insert"}

LOG: Response code = 200
LOG: header received:
HTTP/1.1 200 OK
Server: Apache-Coyote/1.1
Content-Type: application/json;charset=ISO-8859-1
Content-Length: 55
Date: Fri, 19 Apr 2013 05:27:27 GMT
Connection: close

{"id":"5170d5bfe4b02ba7a452b6cc","operation":"insert"}

LOG: Response code = 200
LOG: header received:
HTTP/1.1 200 OK
Server: Apache-Coyote/1.1
Content-Type: application/json;charset=ISO-8859-1
Content-Length: 55
Date: Fri, 19 Apr 2013 05:27:27 GMT
Connection: close

{"id":"5170d5bfe4b02ba7a452b6cd","operation":"insert"}

LOG: Response code = 200
LOG: header received:
HTTP/1.1 200 OK
Server: Apache-Coyote/1.1
Content-Type: application/json;charset=ISO-8859-1
Content-Length: 55
Date: Fri, 19 Apr 2013 05:27:27 GMT
Connection: close

{"id":"5170d5bfe4b02ba7a452b6ce","operation":"insert"}

LOG: Response code = 200
LOG: header received:
HTTP/1.1 200 OK
Server: Apache-Coyote/1.1
Content-Type: application/json;charset=ISO-8859-1
Content-Length: 55
Date: Fri, 19 Apr 2013 05:27:28 GMT
Connection: close

{"id":"5170d5c0e4b02ba7a452b6cf","operation":"insert"}

LOG: Response code = 200
LOG: header received:
HTTP/1.1 200 OK
Server: Apache-Coyote/1.1
Content-Type: application/json;charset=ISO-8859-1
Content-Length: 55
Date: Fri, 19 Apr 2013 05:27:28 GMT
Connection: close

{"id":"5170d5c0e4b02ba7a452b6d0","operation":"insert"}

LOG: Response code = 200


Server Software:        Apache-Coyote/1.1
Server Hostname:        ec2-107-20-121-12.compute-1.amazonaws.com
Server Port:            8080

Document Path:          /servletMobile/mobile?param=%7Baction:1310,accessToken=%22AAFFRRDDFFSFF%22,geotag:%7B%22title%22:%22teste%22,%22text%22:%22teste%22,%22infobox%22:%7B%22title%22:%22teste%22,%22text%22:%22asfdasfasdfsdafasdf%22%7D,%22location%22:%7B%22lng%22:8190,%22lat%22:26217%7D,%22image%22:%7B%22id%22:%220%22,%22mime%22:%22%22%7D,%22type%22:%22text%22,%22uncodedTitle%22:%22teste%22,%22uncodedText%22:%22teste%22,%22fbUserId%22:123456789,%22fbChecked%22:false,%22userId%22:1,%22scenarioId%22:%221%22,%22id%22:%22%22,fbEmail:%22marta.silva@habanero.com%22,fbFstName=%22Marta%22,fbLstName=%22Silva%22,fbUserName=%22tt%22%7D%7D
Document Length:        55 bytes

Concurrency Level:      400
Time taken for tests:   108.412 seconds
Complete requests:      800
Failed requests:        715
   (Connect: 0, Receive: 238, Length: 477, Exceptions: 0)
Write errors:           101
Total transferred:      73416 bytes
HTML transferred:       17710 bytes
Requests per second:    7.38 [#/sec] (mean)
Time per request:       54206.000 [ms] (mean)
Time per request:       135.515 [ms] (mean, across all concurrent requests)
Transfer rate:          0.66 [Kbytes/sec] received

Connection Times (ms)
              min  mean[+/-sd] median   max
Connect:        0 21554 22936.0  13175   92930
Processing:     0 26289 34855.5   6316   94175
Waiting:        0 5057 13468.1      0   57325
Total:       1074 47843 33667.7  42230   94175

Percentage of the requests served within a certain time (ms)
  50%  42230
  66%  69612
  75%  91725
  80%  94162
  90%  94170
  95%  94172
  98%  94173
  99%  94174
 100%  94175 (longest request)
===============================================================================
===============================================================================
Date: Fri, 19 Apr 2013 05:30:10 GMT
Connection: close

{"id":"5170d662e4b02ba7a452b8e2","operation":"insert"}

LOG: Response code = 200
LOG: header received:
HTTP/1.1 200 OK
Server: Apache-Coyote/1.1
Content-Type: application/json;charset=ISO-8859-1
Content-Length: 55
Date: Fri, 19 Apr 2013 05:30:10 GMT
Connection: close

{"id":"5170d662e4b02ba7a452b8e3","operation":"insert"}

LOG: Response code = 200
LOG: header received:
HTTP/1.1 200 OK
Server: Apache-Coyote/1.1
Content-Type: application/json;charset=ISO-8859-1
Content-Length: 55
Date: Fri, 19 Apr 2013 05:30:10 GMT
Connection: close

{"id":"5170d662e4b02ba7a452b8e4","operation":"insert"}

LOG: Response code = 200
LOG: header received:
HTTP/1.1 200 OK
Server: Apache-Coyote/1.1
Content-Type: application/json;charset=ISO-8859-1
Content-Length: 55
Date: Fri, 19 Apr 2013 05:30:12 GMT
Connection: close

{"id":"5170d664e4b02ba7a452b8e5","operation":"insert"}

LOG: Response code = 200
LOG: header received:
HTTP/1.1 200 OK
Server: Apache-Coyote/1.1
Content-Type: application/json;charset=ISO-8859-1
Content-Length: 55
Date: Fri, 19 Apr 2013 05:30:12 GMT
Connection: close

{"id":"5170d664e4b02ba7a452b8e6","operation":"insert"}

LOG: Response code = 200
LOG: header received:
HTTP/1.1 200 OK
Server: Apache-Coyote/1.1
Content-Type: application/json;charset=ISO-8859-1
Content-Length: 55
Date: Fri, 19 Apr 2013 05:30:12 GMT
Connection: close

{"id":"5170d664e4b02ba7a452b8e7","operation":"insert"}

LOG: Response code = 200


Server Software:        Apache-Coyote/1.1
Server Hostname:        ec2-107-20-121-12.compute-1.amazonaws.com
Server Port:            8080

Document Path:          /servletMobile/mobile?param=%7Baction:1310,accessToken=%22AAFFRRDDFFSFF%22,geotag:%7B%22title%22:%22teste%22,%22text%22:%22teste%22,%22infobox%22:%7B%22title%22:%22teste%22,%22text%22:%22asfdasfasdfsdafasdf%22%7D,%22location%22:%7B%22lng%22:14918,%22lat%22:27273%7D,%22image%22:%7B%22id%22:%220%22,%22mime%22:%22%22%7D,%22type%22:%22text%22,%22uncodedTitle%22:%22teste%22,%22uncodedText%22:%22teste%22,%22fbUserId%22:123456789,%22fbChecked%22:false,%22userId%22:1,%22scenarioId%22:%221%22,%22id%22:%22%22,fbEmail:%22marta.silva@habanero.com%22,fbFstName=%22Marta%22,fbLstName=%22Silva%22,fbUserName=%22tt%22%7D%7D
Document Length:        55 bytes

Concurrency Level:      500
Time taken for tests:   160.069 seconds
Complete requests:      1000
Failed requests:        1122
   (Connect: 0, Receive: 469, Length: 653, Exceptions: 0)
Write errors:           137
Total transferred:      90288 bytes
HTML transferred:       21780 bytes
Requests per second:    6.25 [#/sec] (mean)
Time per request:       80034.266 [ms] (mean)
Time per request:       160.069 [ms] (mean, across all concurrent requests)
Transfer rate:          0.55 [Kbytes/sec] received

Connection Times (ms)
              min  mean[+/-sd] median   max
Connect:        0 27090 29384.1  17112  105221
Processing:     0 39717 42049.0  16916  105233
Waiting:        0 7678 21217.8      0   86147
Total:       1461 66808 38080.8  58023  122137

Percentage of the requests served within a certain time (ms)
  50%  58023
  66%  95809
  75%  105226
  80%  105228
  90%  111656
  95%  122134
  98%  122136
  99%  122137
 100%  122137 (longest request)
===============================================================================
===============================================================================
Connection: close

{"id":"51715c20e4b02ba7a452b9cc","operation":"insert"}

LOG: Response code = 200
LOG: header received:
HTTP/1.1 200 OK
Server: Apache-Coyote/1.1
Content-Type: application/json;charset=ISO-8859-1
Content-Length: 55
Date: Fri, 19 Apr 2013 15:00:48 GMT
Connection: close

{"id":"51715c20e4b02ba7a452b9cd","operation":"insert"}

LOG: Response code = 200
LOG: header received:
HTTP/1.1 200 OK
Server: Apache-Coyote/1.1
Content-Type: application/json;charset=ISO-8859-1
Content-Length: 55
Date: Fri, 19 Apr 2013 15:00:48 GMT
Connection: close

{"id":"51715c20e4b02ba7a452b9ce","operation":"insert"}

LOG: Response code = 200
LOG: header received:
HTTP/1.1 200 OK
Server: Apache-Coyote/1.1
Content-Type: application/json;charset=ISO-8859-1
Content-Length: 55
Date: Fri, 19 Apr 2013 15:00:48 GMT
Connection: close

{"id":"51715c21e4b02ba7a452b9cf","operation":"insert"}

LOG: Response code = 200
LOG: header received:
HTTP/1.1 200 OK
Server: Apache-Coyote/1.1
Content-Type: application/json;charset=ISO-8859-1
Content-Length: 55
Date: Fri, 19 Apr 2013 15:00:48 GMT
Connection: close

{"id":"51715c21e4b02ba7a452b9d0","operation":"insert"}

LOG: Response code = 200
LOG: header received:
HTTP/1.1 200 OK
Server: Apache-Coyote/1.1
Content-Type: application/json;charset=ISO-8859-1
Content-Length: 55
Date: Fri, 19 Apr 2013 15:00:48 GMT
Connection: close

{"id":"51715c21e4b02ba7a452b9d1","operation":"insert"}

LOG: Response code = 200
..done


Server Software:        Apache-Coyote/1.1
Server Hostname:        ec2-107-20-121-12.compute-1.amazonaws.com
Server Port:            8080

Document Path:          /servletMobile/mobile?param=%7Baction:1310,accessToken=%22AAFFRRDDFFSFF%22,geotag:%7B%22title%22:%22teste%22,%22text%22:%22teste%22,%22infobox%22:%7B%22title%22:%22teste%22,%22text%22:%22asfdasfasdfsdafasdf%22%7D,%22location%22:%7B%22lng%22:28960,%22lat%22:26317%7D,%22image%22:%7B%22id%22:%220%22,%22mime%22:%22%22%7D,%22type%22:%22text%22,%22uncodedTitle%22:%22teste%22,%22uncodedText%22:%22teste%22,%22fbUserId%22:123456789,%22fbChecked%22:false,%22userId%22:1,%22scenarioId%22:%221%22,%22id%22:%22%22,fbEmail:%22marta.silva@habanero.com%22,fbFstName=%22Marta%22,fbLstName=%22Silva%22,fbUserName=%22tt%22%7D%7D
Document Length:        55 bytes

Concurrency Level:      10
Time taken for tests:   10.621 seconds
Complete requests:      100
Failed requests:        1
   (Connect: 0, Receive: 1, Length: 0, Exceptions: 0)
Write errors:           2
Total transferred:      22572 bytes
HTML transferred:       5445 bytes
Requests per second:    9.42 [#/sec] (mean)
Time per request:       1062.070 [ms] (mean)
Time per request:       106.207 [ms] (mean, across all concurrent requests)
Transfer rate:          2.08 [Kbytes/sec] received

Connection Times (ms)
              min  mean[+/-sd] median   max
Connect:      112  978 388.7    961    2124
Processing:     0   33 102.5      4     686
Waiting:        0   13  71.3      3     524
Total:        408 1010 355.6    966    2127

Percentage of the requests served within a certain time (ms)
  50%    966
  66%   1027
  75%   1057
  80%   1063
  90%   1179
  95%   2010
  98%   2107
  99%   2127
 100%   2127 (longest request)
===============================================================================
===============================================================================
Date: Fri, 19 Apr 2013 15:01:15 GMT
Connection: close

{"id":"51715c3be4b02ba7a452ba66","operation":"insert"}

LOG: Response code = 200
LOG: header received:
HTTP/1.1 200 OK
Server: Apache-Coyote/1.1
Content-Type: application/json;charset=ISO-8859-1
Content-Length: 55
Date: Fri, 19 Apr 2013 15:01:15 GMT
Connection: close

{"id":"51715c3be4b02ba7a452ba67","operation":"insert"}

LOG: Response code = 200
LOG: header received:
HTTP/1.1 200 OK
Server: Apache-Coyote/1.1
Content-Type: application/json;charset=ISO-8859-1
Content-Length: 55
Date: Fri, 19 Apr 2013 15:01:15 GMT
Connection: close

{"id":"51715c3be4b02ba7a452ba68","operation":"insert"}

LOG: Response code = 200
LOG: header received:
HTTP/1.1 200 OK
Server: Apache-Coyote/1.1
Content-Type: application/json;charset=ISO-8859-1
Content-Length: 55
Date: Fri, 19 Apr 2013 15:01:15 GMT
Connection: close

{"id":"51715c3be4b02ba7a452ba69","operation":"insert"}

LOG: Response code = 200
LOG: header received:
HTTP/1.1 200 OK
Server: Apache-Coyote/1.1
Content-Type: application/json;charset=ISO-8859-1
Content-Length: 55
Date: Fri, 19 Apr 2013 15:01:15 GMT
Connection: close

{"id":"51715c3be4b02ba7a452ba6a","operation":"insert"}

LOG: Response code = 200
LOG: header received:
HTTP/1.1 200 OK
Server: Apache-Coyote/1.1
Content-Type: application/json;charset=ISO-8859-1
Content-Length: 55
Date: Fri, 19 Apr 2013 15:01:16 GMT
Connection: close

{"id":"51715c3ce4b02ba7a452ba6b","operation":"insert"}

LOG: Response code = 200
..done


Server Software:        Apache-Coyote/1.1
Server Hostname:        ec2-107-20-121-12.compute-1.amazonaws.com
Server Port:            8080

Document Path:          /servletMobile/mobile?param=%7Baction:1310,accessToken=%22AAFFRRDDFFSFF%22,geotag:%7B%22title%22:%22teste%22,%22text%22:%22teste%22,%22infobox%22:%7B%22title%22:%22teste%22,%22text%22:%22asfdasfasdfsdafasdf%22%7D,%22location%22:%7B%22lng%22:23933,%22lat%22:26798%7D,%22image%22:%7B%22id%22:%220%22,%22mime%22:%22%22%7D,%22type%22:%22text%22,%22uncodedTitle%22:%22teste%22,%22uncodedText%22:%22teste%22,%22fbUserId%22:123456789,%22fbChecked%22:false,%22userId%22:1,%22scenarioId%22:%221%22,%22id%22:%22%22,fbEmail:%22marta.silva@habanero.com%22,fbFstName=%22Marta%22,fbLstName=%22Silva%22,fbUserName=%22tt%22%7D%7D
Document Length:        55 bytes

Concurrency Level:      50
Time taken for tests:   21.622 seconds
Complete requests:      150
Failed requests:        0
Write errors:           3
Total transferred:      33744 bytes
HTML transferred:       8140 bytes
Requests per second:    6.94 [#/sec] (mean)
Time per request:       7207.243 [ms] (mean)
Time per request:       144.145 [ms] (mean, across all concurrent requests)
Transfer rate:          1.52 [Kbytes/sec] received

Connection Times (ms)
              min  mean[+/-sd] median   max
Connect:      155 5261 2942.4   4700   10222
Processing:     0  342 1324.2      3    8108
Waiting:        0  288 1167.4      3    8107
Total:       1072 5603 3001.3   5097   10557

Percentage of the requests served within a certain time (ms)
  50%   5097
  66%   8279
  75%   8280
  80%   8280
  90%   9372
  95%   9695
  98%  10173
  99%  10225
 100%  10557 (longest request)
===============================================================================
===============================================================================

LOG: Response code = 200
Send request failed!
LOG: header received:
HTTP/1.1 200 OK
Server: Apache-Coyote/1.1
Content-Type: application/json;charset=ISO-8859-1
Content-Length: 55
Date: Fri, 19 Apr 2013 15:01:52 GMT
Connection: close

{"id":"51715c61e4b02ba7a452bb3b","operation":"insert"}

LOG: Response code = 200
Send request failed!
LOG: header received:
HTTP/1.1 200 OK
Server: Apache-Coyote/1.1
Content-Type: application/json;charset=ISO-8859-1
Content-Length: 55
Date: Fri, 19 Apr 2013 15:01:52 GMT
Connection: close

{"id":"51715c60e4b02ba7a452bb33","operation":"insert"}

LOG: Response code = 200
Send request failed!
Send request failed!
LOG: header received:
HTTP/1.1 200 OK
Server: Apache-Coyote/1.1
Content-Type: application/json;charset=ISO-8859-1
Content-Length: 55
Date: Fri, 19 Apr 2013 15:01:55 GMT
Connection: close

{"id":"51715c63e4b02ba7a452bb47","operation":"insert"}

LOG: Response code = 200
LOG: header received:
HTTP/1.1 200 OK
Server: Apache-Coyote/1.1
Content-Type: application/json;charset=ISO-8859-1
Content-Length: 55
Date: Fri, 19 Apr 2013 15:01:55 GMT
Connection: close

{"id":"51715c63e4b02ba7a452bb48","operation":"insert"}

LOG: Response code = 200
LOG: header received:
HTTP/1.1 200 OK
Server: Apache-Coyote/1.1
Content-Type: application/json;charset=ISO-8859-1
Content-Length: 55
Date: Fri, 19 Apr 2013 15:01:55 GMT
Connection: close

{"id":"51715c63e4b02ba7a452bb49","operation":"insert"}

LOG: Response code = 200


Server Software:        Apache-Coyote/1.1
Server Hostname:        ec2-107-20-121-12.compute-1.amazonaws.com
Server Port:            8080

Document Path:          /servletMobile/mobile?param=%7Baction:1310,accessToken=%22AAFFRRDDFFSFF%22,geotag:%7B%22title%22:%22teste%22,%22text%22:%22teste%22,%22infobox%22:%7B%22title%22:%22teste%22,%22text%22:%22asfdasfasdfsdafasdf%22%7D,%22location%22:%7B%22lng%22:7520,%22lat%22:18316%7D,%22image%22:%7B%22id%22:%220%22,%22mime%22:%22%22%7D,%22type%22:%22text%22,%22uncodedTitle%22:%22teste%22,%22uncodedText%22:%22teste%22,%22fbUserId%22:123456789,%22fbChecked%22:false,%22userId%22:1,%22scenarioId%22:%221%22,%22id%22:%22%22,fbEmail:%22marta.silva@habanero.com%22,fbFstName=%22Marta%22,fbLstName=%22Silva%22,fbUserName=%22tt%22%7D%7D
Document Length:        55 bytes

Concurrency Level:      100
Time taken for tests:   42.394 seconds
Complete requests:      200
Failed requests:        76
   (Connect: 0, Receive: 56, Length: 20, Exceptions: 0)
Write errors:           71
Total transferred:      41952 bytes
HTML transferred:       10120 bytes
Requests per second:    4.72 [#/sec] (mean)
Time per request:       21196.854 [ms] (mean)
Time per request:       211.969 [ms] (mean, across all concurrent requests)
Transfer rate:          0.97 [Kbytes/sec] received

Connection Times (ms)
              min  mean[+/-sd] median   max
Connect:      150 12940 9299.7   8156   34235
Processing:     0 6265 8838.8    839   25054
Waiting:        0 3793 5623.4   1163   22790
Total:        812 19205 11796.5  19563   34235

Percentage of the requests served within a certain time (ms)
  50%  19563
  66%  31126
  75%  32536
  80%  32869
  90%  34235
  95%  34235
  98%  34235
  99%  34235
 100%  34235 (longest request)
===============================================================================
===============================================================================
Date: Fri, 19 Apr 2013 15:03:02 GMT
Connection: close

{"id":"51715ca6e4b02ba7a452bc92","operation":"insert"}

LOG: Response code = 200
Send request failed!
Send request failed!
Send request failed!
Send request failed!
Send request failed!
Send request failed!
Send request failed!
Send request failed!
Send request failed!
Send request failed!
Send request failed!
LOG: header received:
HTTP/1.1 200 OK
Server: Apache-Coyote/1.1
Content-Type: application/json;charset=ISO-8859-1
Content-Length: 55
Date: Fri, 19 Apr 2013 15:02:56 GMT
Connection: close

{"id":"51715ca1e4b02ba7a452bc7c","operation":"insert"}

LOG: Response code = 200
LOG: header received:
HTTP/1.1 200 OK
Server: Apache-Coyote/1.1
Content-Type: application/json;charset=ISO-8859-1
Content-Length: 55
Date: Fri, 19 Apr 2013 15:02:57 GMT
Connection: close

{"id":"51715ca1e4b02ba7a452bc7d","operation":"insert"}

LOG: Response code = 200
LOG: header received:
HTTP/1.1 200 OK
Server: Apache-Coyote/1.1
Content-Type: application/json;charset=ISO-8859-1
Content-Length: 55
Date: Fri, 19 Apr 2013 15:03:00 GMT
Connection: close

{"id":"51715ca5e4b02ba7a452bc87","operation":"insert"}

LOG: Response code = 200
LOG: header received:
HTTP/1.1 200 OK
Server: Apache-Coyote/1.1
Content-Type: application/json;charset=ISO-8859-1
Content-Length: 55
Date: Fri, 19 Apr 2013 15:03:00 GMT
Connection: close

{"id":"51715ca5e4b02ba7a452bc88","operation":"insert"}

LOG: Response code = 200


Server Software:        Apache-Coyote/1.1
Server Hostname:        ec2-107-20-121-12.compute-1.amazonaws.com
Server Port:            8080

Document Path:          /servletMobile/mobile?param=%7Baction:1310,accessToken=%22AAFFRRDDFFSFF%22,geotag:%7B%22title%22:%22teste%22,%22text%22:%22teste%22,%22infobox%22:%7B%22title%22:%22teste%22,%22text%22:%22asfdasfasdfsdafasdf%22%7D,%22location%22:%7B%22lng%22:17032,%22lat%22:7616%7D,%22image%22:%7B%22id%22:%220%22,%22mime%22:%22%22%7D,%22type%22:%22text%22,%22uncodedTitle%22:%22teste%22,%22uncodedText%22:%22teste%22,%22fbUserId%22:123456789,%22fbChecked%22:false,%22userId%22:1,%22scenarioId%22:%221%22,%22id%22:%22%22,fbEmail:%22marta.silva@habanero.com%22,fbFstName=%22Marta%22,fbLstName=%22Silva%22,fbUserName=%22tt%22%7D%7D
Document Length:        0 bytes

Concurrency Level:      200
Time taken for tests:   60.331 seconds
Complete requests:      300
Failed requests:        317
   (Connect: 0, Receive: 75, Length: 242, Exceptions: 0)
Write errors:           89
Total transferred:      55632 bytes
HTML transferred:       13420 bytes
Requests per second:    4.97 [#/sec] (mean)
Time per request:       40220.468 [ms] (mean)
Time per request:       201.102 [ms] (mean, across all concurrent requests)
Transfer rate:          0.90 [Kbytes/sec] received

Connection Times (ms)
              min  mean[+/-sd] median   max
Connect:        0 19123 12215.1  14313   46539
Processing:     0 15851 16969.7   9345   47939
Waiting:        0 9340 14312.7      0   41161
Total:       1163 34974 17857.5  36971   60327

Percentage of the requests served within a certain time (ms)
  50%  36971
  66%  48178
  75%  51388
  80%  51391
  90%  59487
  95%  60326
  98%  60327
  99%  60327
 100%  60327 (longest request)
===============================================================================
===============================================================================
Date: Fri, 19 Apr 2013 15:04:19 GMT
Connection: close

{"id":"51715cf4e4b02ba7a452be2a","operation":"insert"}

LOG: Response code = 200
LOG: header received:
HTTP/1.1 200 OK
Server: Apache-Coyote/1.1
Content-Type: application/json;charset=ISO-8859-1
Content-Length: 55
Date: Fri, 19 Apr 2013 15:04:19 GMT
Connection: close

{"id":"51715cf4e4b02ba7a452be2b","operation":"insert"}

LOG: Response code = 200
LOG: header received:
HTTP/1.1 200 OK
Server: Apache-Coyote/1.1
Content-Type: application/json;charset=ISO-8859-1
Content-Length: 55
Date: Fri, 19 Apr 2013 15:04:20 GMT
Connection: close

{"id":"51715cf4e4b02ba7a452be2c","operation":"insert"}

LOG: Response code = 200
LOG: header received:
HTTP/1.1 200 OK
Server: Apache-Coyote/1.1
Content-Type: application/json;charset=ISO-8859-1
Content-Length: 55
Date: Fri, 19 Apr 2013 15:04:20 GMT
Connection: close

{"id":"51715cf4e4b02ba7a452be2d","operation":"insert"}

LOG: Response code = 200
LOG: header received:
HTTP/1.1 200 OK
Server: Apache-Coyote/1.1
Content-Type: application/json;charset=ISO-8859-1
Content-Length: 55
Date: Fri, 19 Apr 2013 15:04:20 GMT
Connection: close

{"id":"51715cf4e4b02ba7a452be2e","operation":"insert"}

LOG: Response code = 200
LOG: header received:
HTTP/1.1 200 OK
Server: Apache-Coyote/1.1
Content-Type: application/json;charset=ISO-8859-1
Content-Length: 55
Date: Fri, 19 Apr 2013 15:04:20 GMT
Connection: close

{"id":"51715cf4e4b02ba7a452be2f","operation":"insert"}

LOG: Response code = 200


Server Software:        Apache-Coyote/1.1
Server Hostname:        ec2-107-20-121-12.compute-1.amazonaws.com
Server Port:            8080

Document Path:          /servletMobile/mobile?param=%7Baction:1310,accessToken=%22AAFFRRDDFFSFF%22,geotag:%7B%22title%22:%22teste%22,%22text%22:%22teste%22,%22infobox%22:%7B%22title%22:%22teste%22,%22text%22:%22asfdasfasdfsdafasdf%22%7D,%22location%22:%7B%22lng%22:1953,%22lat%22:9059%7D,%22image%22:%7B%22id%22:%220%22,%22mime%22:%22%22%7D,%22type%22:%22text%22,%22uncodedTitle%22:%22teste%22,%22uncodedText%22:%22teste%22,%22fbUserId%22:123456789,%22fbChecked%22:false,%22userId%22:1,%22scenarioId%22:%221%22,%22id%22:%22%22,fbEmail:%22marta.silva@habanero.com%22,fbFstName=%22Marta%22,fbLstName=%22Silva%22,fbUserName=%22tt%22%7D%7D
Document Length:        55 bytes

Concurrency Level:      300
Time taken for tests:   67.118 seconds
Complete requests:      400
Failed requests:        260
   (Connect: 0, Receive: 139, Length: 121, Exceptions: 0)
Write errors:           30
Total transferred:      63384 bytes
HTML transferred:       15290 bytes
Requests per second:    5.96 [#/sec] (mean)
Time per request:       50338.653 [ms] (mean)
Time per request:       167.796 [ms] (mean, across all concurrent requests)
Transfer rate:          0.92 [Kbytes/sec] received

Connection Times (ms)
              min  mean[+/-sd] median   max
Connect:      288 19636 15326.9  15500   53740
Processing:     0 9705 11450.4   7671   44589
Waiting:        0 3448 6489.1      2   34296
Total:        404 29340 20046.9  25741   57431

Percentage of the requests served within a certain time (ms)
  50%  25741
  66%  45831
  75%  53736
  80%  53736
  90%  53738
  95%  55212
  98%  55213
  99%  55213
 100%  57431 (longest request)
===============================================================================
===============================================================================
