
Concurrency Level:      2
Time taken for tests:   20.618 seconds
Complete requests:      100
Failed requests:        0
Write errors:           1
Total transferred:      22572 bytes
HTML transferred:       5445 bytes
Requests per second:    4.85 [#/sec] (mean)
Time per request:       412.369 [ms] (mean)
Time per request:       206.184 [ms] (mean, across all concurrent requests)
Transfer rate:          1.07 [Kbytes/sec] received

Connection Times (ms)
              min  mean[+/-sd] median   max
Connect:      140  393  73.3    384     595
Processing:     0   19  59.9     10     527
Waiting:        0   16  51.9     10     527
Total:        252  412  77.3    399     666

Percentage of the requests served within a certain time (ms)
  50%    399
  66%    421
  75%    451
  80%    468
  90%    519
  95%    560
  98%    666
  99%    666
 100%    666 (longest request)
===============================================================================
===============================================================================

Concurrency Level:      2
Time taken for tests:   29.770 seconds
Complete requests:      150
Failed requests:        0
Write errors:           1
Total transferred:      33972 bytes
HTML transferred:       8195 bytes
Requests per second:    5.04 [#/sec] (mean)
Time per request:       396.933 [ms] (mean)
Time per request:       198.467 [ms] (mean, across all concurrent requests)
Transfer rate:          1.11 [Kbytes/sec] received

Connection Times (ms)
              min  mean[+/-sd] median   max
Connect:      263  381  74.3    373     928
Processing:     0   15  24.9     11     307
Waiting:        0   12   6.4     11      34
Total:        276  396  83.2    385     928

Percentage of the requests served within a certain time (ms)
  50%    385
  66%    409
  75%    421
  80%    439
  90%    467
  95%    492
  98%    553
  99%    928
 100%    928 (longest request)
===============================================================================
===============================================================================

Concurrency Level:      2
Time taken for tests:   39.831 seconds
Complete requests:      200
Failed requests:        0
Write errors:           1
Total transferred:      45372 bytes
HTML transferred:       10945 bytes
Requests per second:    5.02 [#/sec] (mean)
Time per request:       398.312 [ms] (mean)
Time per request:       199.156 [ms] (mean, across all concurrent requests)
Transfer rate:          1.11 [Kbytes/sec] received

Connection Times (ms)
              min  mean[+/-sd] median   max
Connect:      157  381  65.2    371     638
Processing:     0   17  40.6     12     487
Waiting:        0   15  34.6     12     487
Total:        283  398  67.6    386     644

Percentage of the requests served within a certain time (ms)
  50%    386
  66%    410
  75%    427
  80%    438
  90%    482
  95%    516
  98%    635
  99%    644
 100%    644 (longest request)
===============================================================================
===============================================================================

Concurrency Level:      2
Time taken for tests:   59.865 seconds
Complete requests:      300
Failed requests:        0
Write errors:           1
Total transferred:      68172 bytes
HTML transferred:       16445 bytes
Requests per second:    5.01 [#/sec] (mean)
Time per request:       399.099 [ms] (mean)
Time per request:       199.550 [ms] (mean, across all concurrent requests)
Transfer rate:          1.11 [Kbytes/sec] received

Connection Times (ms)
              min  mean[+/-sd] median   max
Connect:      167  386  73.7    376     662
Processing:     0   13  25.8     11     403
Waiting:        0   12  23.1     10     403
Total:        273  399  72.8    388     670

Percentage of the requests served within a certain time (ms)
  50%    388
  66%    412
  75%    429
  80%    449
  90%    499
  95%    544
  98%    614
  99%    638
 100%    670 (longest request)
===============================================================================
===============================================================================

Concurrency Level:      2
Time taken for tests:   83.280 seconds
Complete requests:      400
Failed requests:        0
Write errors:           1
Total transferred:      90972 bytes
HTML transferred:       21945 bytes
Requests per second:    4.80 [#/sec] (mean)
Time per request:       416.402 [ms] (mean)
Time per request:       208.201 [ms] (mean, across all concurrent requests)
Transfer rate:          1.07 [Kbytes/sec] received

Connection Times (ms)
              min  mean[+/-sd] median   max
Connect:      161  402  83.3    385     778
Processing:     0   14  27.2     12     507
Waiting:        0   14  25.6     11     507
Total:        263  416  82.5    399     786

Percentage of the requests served within a certain time (ms)
  50%    399
  66%    430
  75%    452
  80%    468
  90%    521
  95%    598
  98%    656
  99%    674
 100%    786 (longest request)
===============================================================================
===============================================================================
