Concurrency Level:      50
Time taken for tests:   19.202 seconds
Complete requests:      100
Failed requests:        23
   (Connect: 0, Receive: 19, Length: 4, Exceptions: 0)
Write errors:           8
Total transferred:      21660 bytes
HTML transferred:       5225 bytes
Requests per second:    5.21 [#/sec] (mean)
Time per request:       9601.083 [ms] (mean)
Time per request:       192.022 [ms] (mean, across all concurrent requests)
Transfer rate:          1.10 [Kbytes/sec] received

Connection Times (ms)
              min  mean[+/-sd] median   max
Connect:      163 6571 5678.4   3260   14506
Processing:     0 1519 3504.2    100   14277
Waiting:        0 1052 3007.0      5   13757
Total:       1138 8091 5800.8  12369   14539

Percentage of the requests served within a certain time (ms)
  50%  12369
  66%  13085
  75%  14505
  80%  14506
  90%  14538
  95%  14539
  98%  14539
  99%  14539
 100%  14539 (longest request)
===============================================================================
===============================================================================
Concurrency Level:      100
Time taken for tests:   29.225 seconds
Complete requests:      200
Failed requests:        79
   (Connect: 0, Receive: 43, Length: 36, Exceptions: 0)
Write errors:           59
Total transferred:      34884 bytes
HTML transferred:       8415 bytes
Requests per second:    6.84 [#/sec] (mean)
Time per request:       14612.506 [ms] (mean)
Time per request:       146.125 [ms] (mean, across all concurrent requests)
Transfer rate:          1.17 [Kbytes/sec] received

Connection Times (ms)
              min  mean[+/-sd] median   max
Connect:      202 9637 6077.8   6958   21529
Processing:     0 4847 6996.5   1064   21363
Waiting:        0 3248 5264.6   1063   18305
Total:        904 14483 7617.7  14643   28321

Percentage of the requests served within a certain time (ms)
  50%  14643
  66%  17359
  75%  20300
  80%  21877
  90%  26212
  95%  27012
  98%  27949
  99%  28139
 100%  28321 (longest request)
===============================================================================
===============================================================================
Concurrency Level:      200
Time taken for tests:   79.347 seconds
Complete requests:      400
Failed requests:        171
   (Connect: 0, Receive: 122, Length: 49, Exceptions: 0)
Write errors:           80
Total transferred:      76152 bytes
HTML transferred:       18370 bytes
Requests per second:    5.04 [#/sec] (mean)
Time per request:       39673.358 [ms] (mean)
Time per request:       198.367 [ms] (mean, across all concurrent requests)
Transfer rate:          0.94 [Kbytes/sec] received

Connection Times (ms)
              min  mean[+/-sd] median   max
Connect:        0 17384 13408.8  17238   76460
Processing:     0 6661 10248.8   1491   76460
Waiting:        0 3786 6669.8      0   33197
Total:       1187 24045 16559.2  22734   79344

Percentage of the requests served within a certain time (ms)
  50%  22734
  66%  26451
  75%  27444
  80%  32286
  90%  49148
  95%  58205
  98%  76460
  99%  79227
 100%  79344 (longest request)
===============================================================================
===============================================================================
Concurrency Level:      400
Time taken for tests:   109.703 seconds
Complete requests:      800
Failed requests:        502
   (Connect: 0, Receive: 249, Length: 253, Exceptions: 0)
Write errors:           95
Total transferred:      124488 bytes
HTML transferred:       30030 bytes
Requests per second:    7.29 [#/sec] (mean)
Time per request:       54851.379 [ms] (mean)
Time per request:       137.128 [ms] (mean, across all concurrent requests)
Transfer rate:          1.11 [Kbytes/sec] received

Connection Times (ms)
              min  mean[+/-sd] median   max
Connect:        0 18945 16879.0  19766   55796
Processing:     0 24952 33600.0   9164   90653
Waiting:        0 3786 7697.5      0   34859
Total:        933 43897 31805.6  36500   94842

Percentage of the requests served within a certain time (ms)
  50%  36500
  66%  46851
  75%  89765
  80%  90645
  90%  90649
  95%  90651
  98%  90652
  99%  90653
 100%  94842 (longest request)
===============================================================================
===============================================================================
Concurrency Level:      500
Time taken for tests:   120.290 seconds
Complete requests:      1000
Failed requests:        652
   (Connect: 0, Receive: 290, Length: 362, Exceptions: 0)
Write errors:           133
Total transferred:      145008 bytes
HTML transferred:       34980 bytes
Requests per second:    8.31 [#/sec] (mean)
Time per request:       60145.062 [ms] (mean)
Time per request:       120.290 [ms] (mean, across all concurrent requests)
Transfer rate:          1.18 [Kbytes/sec] received

Connection Times (ms)
              min  mean[+/-sd] median   max
Connect:        0 14578 16605.8   8695   71347
Processing:     0 27445 35653.4    174   86273
Waiting:        0 4483 10011.3      2   38381
Total:        743 42024 33297.2  33496   96244

Percentage of the requests served within a certain time (ms)
  50%  33496
  66%  63509
  75%  86255
  80%  86260
  90%  86265
  95%  86270
  98%  86273
  99%  96243
 100%  96244 (longest request)
===============================================================================
===============================================================================
