Concurrency Level:      2
Time taken for tests:   37.196 seconds
Complete requests:      100
Failed requests:        196
   (Connect: 0, Receive: 96, Length: 100, Exceptions: 0)
Write errors:           4
Total transferred:      223744 bytes
HTML transferred:       208944 bytes
Requests per second:    2.69 [#/sec] (mean)
Time per request:       743.911 [ms] (mean)
Time per request:       371.956 [ms] (mean, across all concurrent requests)
Transfer rate:          5.87 [Kbytes/sec] received

Connection Times (ms)
              min  mean[+/-sd] median   max
Connect:      357  470 227.2    413    2367
Processing:     0  275 1148.6    126    8570
Waiting:        0    0   0.0      0       0
Total:        398  746 1196.3    538    9189

Percentage of the requests served within a certain time (ms)
  50%    538
  66%    564
  75%    588
  80%    611
  90%    688
  95%    849
  98%   8710
  99%   9189
 100%   9189 (longest request)
===============================================================================
===============================================================================
Concurrency Level:      2
Time taken for tests:   51.701 seconds
Complete requests:      150
Failed requests:        297
   (Connect: 0, Receive: 146, Length: 151, Exceptions: 0)
Write errors:           5
Total transferred:      319488 bytes
HTML transferred:       297140 bytes
Requests per second:    2.90 [#/sec] (mean)
Time per request:       689.351 [ms] (mean)
Time per request:       344.675 [ms] (mean, across all concurrent requests)
Transfer rate:          6.03 [Kbytes/sec] received

Connection Times (ms)
              min  mean[+/-sd] median   max
Connect:      350  405  66.6    384     846
Processing:     0  281 978.6    124    6553
Waiting:        0    0   0.0      0       0
Total:        413  685 989.5    511    7063

Percentage of the requests served within a certain time (ms)
  50%    511
  66%    527
  75%    538
  80%    549
  90%    568
  95%    714
  98%   6228
  99%   6963
 100%   7063 (longest request)
===============================================================================
===============================================================================
Concurrency Level:      2
Time taken for tests:   96.378 seconds
Complete requests:      200
Failed requests:        335
   (Connect: 0, Receive: 195, Length: 140, Exceptions: 0)
Write errors:           4
Total transferred:      443026 bytes
HTML transferred:       413574 bytes
Requests per second:    2.08 [#/sec] (mean)
Time per request:       963.778 [ms] (mean)
Time per request:       481.889 [ms] (mean, across all concurrent requests)
Transfer rate:          4.49 [Kbytes/sec] received

Connection Times (ms)
              min  mean[+/-sd] median   max
Connect:      237  474 313.7    393    2452
Processing:     0  491 1545.4    126    9563
Waiting:        0    0   0.2      0       3
Total:        374  965 1677.6    526   11962

Percentage of the requests served within a certain time (ms)
  50%    526
  66%    547
  75%    574
  80%    589
  90%    795
  95%   6013
  98%   7940
  99%   8711
 100%  11962 (longest request)
===============================================================================
===============================================================================
Concurrency Level:      2
Time taken for tests:   119.306 seconds
Complete requests:      300
Failed requests:        594
   (Connect: 0, Receive: 293, Length: 301, Exceptions: 0)
Write errors:           8
Total transferred:      630272 bytes
HTML transferred:       585724 bytes
Requests per second:    2.51 [#/sec] (mean)
Time per request:       795.371 [ms] (mean)
Time per request:       397.685 [ms] (mean, across all concurrent requests)
Transfer rate:          5.16 [Kbytes/sec] received

Connection Times (ms)
              min  mean[+/-sd] median   max
Connect:      349  400  61.5    380     925
Processing:     0  394 1286.0    124    7312
Waiting:        0    0   0.0      0       0
Total:        406  794 1305.3    509    7845

Percentage of the requests served within a certain time (ms)
  50%    509
  66%    524
  75%    535
  80%    542
  90%    579
  95%    835
  98%   6941
  99%   7129
 100%   7845 (longest request)
===============================================================================
===============================================================================
Concurrency Level:      2
Time taken for tests:   146.598 seconds
Complete requests:      400
Failed requests:        794
   (Connect: 0, Receive: 393, Length: 401, Exceptions: 0)
Write errors:           8
Total transferred:      829440 bytes
HTML transferred:       770092 bytes
Requests per second:    2.73 [#/sec] (mean)
Time per request:       732.992 [ms] (mean)
Time per request:       366.496 [ms] (mean, across all concurrent requests)
Transfer rate:          5.53 [Kbytes/sec] received

Connection Times (ms)
              min  mean[+/-sd] median   max
Connect:      349  400  99.2    378    1814
Processing:     0  332 1185.7    125    9059
Waiting:        0    0   0.0      0       0
Total:        461  732 1223.6    508    9530

Percentage of the requests served within a certain time (ms)
  50%    508
  66%    522
  75%    535
  80%    541
  90%    568
  95%    625
  98%   7496
  99%   8064
 100%   9530 (longest request)
===============================================================================
===============================================================================
