Concurrency Level:      10
Time taken for tests:   20.451 seconds
Complete requests:      100
Failed requests:        153
   (Connect: 0, Receive: 54, Length: 99, Exceptions: 0)
Write errors:           45
Total transferred:      281060 bytes
HTML transferred:       266260 bytes
Requests per second:    4.89 [#/sec] (mean)
Time per request:       2045.085 [ms] (mean)
Time per request:       204.509 [ms] (mean, across all concurrent requests)
Transfer rate:          13.42 [Kbytes/sec] received

Connection Times (ms)
              min  mean[+/-sd] median   max
Connect:      120  996 805.8    947    8391
Processing:     0  749 1816.5    172    8239
Waiting:        0    6  38.3      0     276
Total:        693 1745 2002.4   1153    9475

Percentage of the requests served within a certain time (ms)
  50%   1153
  66%   1400
  75%   1473
  80%   1525
  90%   1649
  95%   8060
  98%   8391
  99%   9475
 100%   9475 (longest request)
===============================================================================
===============================================================================
Concurrency Level:      50
Time taken for tests:   31.284 seconds
Complete requests:      150
Failed requests:        200
   (Connect: 0, Receive: 69, Length: 131, Exceptions: 0)
Write errors:           70
Total transferred:      612056 bytes
HTML transferred:       587192 bytes
Requests per second:    4.79 [#/sec] (mean)
Time per request:       10428.102 [ms] (mean)
Time per request:       208.562 [ms] (mean, across all concurrent requests)
Transfer rate:          19.11 [Kbytes/sec] received

Connection Times (ms)
              min  mean[+/-sd] median   max
Connect:      171 5085 3176.9   3987   14949
Processing:     0 4075 8027.8   1021   30844
Waiting:        0  164 588.5      0    2727
Total:       1151 9159 7503.3   7407   31210

Percentage of the requests served within a certain time (ms)
  50%   7407
  66%   9744
  75%  10776
  80%  12245
  90%  16491
  95%  31030
  98%  31030
  99%  31030
 100%  31210 (longest request)
===============================================================================
===============================================================================
Concurrency Level:      100
Time taken for tests:   38.036 seconds
Complete requests:      200
Failed requests:        208
   (Connect: 0, Receive: 48, Length: 160, Exceptions: 0)
Write errors:           112
Total transferred:      1149136 bytes
HTML transferred:       1118648 bytes
Requests per second:    5.26 [#/sec] (mean)
Time per request:       19017.862 [ms] (mean)
Time per request:       190.179 [ms] (mean, across all concurrent requests)
Transfer rate:          29.50 [Kbytes/sec] received

Connection Times (ms)
              min  mean[+/-sd] median   max
Connect:      177 6713 5001.8   6093   27150
Processing:     0 7947 13756.8      0   37279
Waiting:        0  661 1441.6      0    5750
Total:       1653 14660 12351.2   8654   38033

Percentage of the requests served within a certain time (ms)
  50%   8654
  66%  13656
  75%  18820
  80%  36014
  90%  37248
  95%  37708
  98%  37914
  99%  38020
 100%  38033 (longest request)
===============================================================================
===============================================================================
Concurrency Level:      200
Time taken for tests:   75.139 seconds
Complete requests:      300
Failed requests:        185
   (Connect: 0, Receive: 21, Length: 164, Exceptions: 0)
Write errors:           143
Total transferred:      2440592 bytes
HTML transferred:       2394564 bytes
Requests per second:    3.99 [#/sec] (mean)
Time per request:       50092.445 [ms] (mean)
Time per request:       250.462 [ms] (mean, across all concurrent requests)
Transfer rate:          31.72 [Kbytes/sec] received

Connection Times (ms)
              min  mean[+/-sd] median   max
Connect:      125 12177 8159.0   8680   49944
Processing:     0 28710 30519.6   5003   69333
Waiting:        0 4394 6438.4      0   23837
Total:       1096 40886 28163.5  31343   75136

Percentage of the requests served within a certain time (ms)
  50%  31343
  66%  68554
  75%  69947
  80%  70709
  90%  73123
  95%  73951
  98%  74749
  99%  74866
 100%  75136 (longest request)
===============================================================================
===============================================================================
Concurrency Level:      300
Time taken for tests:   99.603 seconds
Complete requests:      400
Failed requests:        323
   (Connect: 0, Receive: 93, Length: 230, Exceptions: 0)
Write errors:           185
Total transferred:      3088788 bytes
HTML transferred:       3025148 bytes
Requests per second:    4.02 [#/sec] (mean)
Time per request:       74702.130 [ms] (mean)
Time per request:       249.007 [ms] (mean, across all concurrent requests)
Transfer rate:          30.28 [Kbytes/sec] received

Connection Times (ms)
              min  mean[+/-sd] median   max
Connect:        0 22749 23855.2  15490   89469
Processing:     0 33566 40568.6   3047   97078
Waiting:        0 2653 4732.8      0   17558
Total:       1206 56316 36532.7  52137   99601

Percentage of the requests served within a certain time (ms)
  50%  52137
  66%  89469
  75%  93429
  80%  94994
  90%  97165
  95%  98094
  98%  99250
  99%  99448
 100%  99601 (longest request)
===============================================================================
===============================================================================
