Concurrency Level:      2
Time taken for tests:   367.450 seconds
Complete requests:      100
Failed requests:        199
   (Connect: 0, Receive: 99, Length: 100, Exceptions: 0)
Write errors:           1
Total transferred:      1414404 bytes
HTML transferred:       1399104 bytes
Requests per second:    0.27 [#/sec] (mean)
Time per request:       7348.993 [ms] (mean)
Time per request:       3674.496 [ms] (mean, across all concurrent requests)
Transfer rate:          3.76 [Kbytes/sec] received

Connection Times (ms)
              min  mean[+/-sd] median   max
Connect:      242  588 654.6    489    6418
Processing:     0 6748 3411.0   6942   16062
Waiting:        0   23  29.6     15     205
Total:        687 7336 3393.1   7397   16311

Percentage of the requests served within a certain time (ms)
  50%   7397
  66%   8295
  75%   8752
  80%   9464
  90%  11133
  95%  14281
  98%  16254
  99%  16311
 100%  16311 (longest request)
