Concurrency Level:      10
Time taken for tests:   11.526 seconds
Complete requests:      100
Failed requests:        96
   (Connect: 0, Receive: 0, Length: 96, Exceptions: 0)
Write errors:           4
Total transferred:      22116 bytes
HTML transferred:       5335 bytes
Requests per second:    8.68 [#/sec] (mean)
Time per request:       1152.616 [ms] (mean)
Time per request:       115.262 [ms] (mean, across all concurrent requests)
Transfer rate:          1.87 [Kbytes/sec] received

Connection Times (ms)
              min  mean[+/-sd] median   max
Connect:      306 1066 479.7   1005    3097
Processing:     1   48 164.1      6     968
Waiting:        0   35 144.7      5     836
Total:        452 1114 451.0   1020    3103

Percentage of the requests served within a certain time (ms)
  50%   1020
  66%   1095
  75%   1143
  80%   1231
  90%   1526
  95%   2041
  98%   2853
  99%   3103
 100%   3103 (longest request)
===============================================================================
===============================================================================
Concurrency Level:      50
Time taken for tests:   27.440 seconds
Complete requests:      150
Failed requests:        24
   (Connect: 0, Receive: 21, Length: 3, Exceptions: 0)
Write errors:           6
Total transferred:      33516 bytes
HTML transferred:       8085 bytes
Requests per second:    5.47 [#/sec] (mean)
Time per request:       9146.510 [ms] (mean)
Time per request:       182.930 [ms] (mean, across all concurrent requests)
Transfer rate:          1.19 [Kbytes/sec] received

Connection Times (ms)
              min  mean[+/-sd] median   max
Connect:      142 6506 4258.5   8713   15232
Processing:     0  980 2792.4      6   16435
Waiting:        0  623 2460.9      4   16435
Total:       1114 7486 5083.9   9916   25148

Percentage of the requests served within a certain time (ms)
  50%   9916
  66%   9917
  75%   9996
  80%  10178
  90%  12982
  95%  15232
  98%  25147
  99%  25148
 100%  25148 (longest request)
===============================================================================
===============================================================================
Concurrency Level:      100
Time taken for tests:   43.077 seconds
Complete requests:      200
Failed requests:        88
   (Connect: 0, Receive: 52, Length: 36, Exceptions: 0)
Write errors:           41
Total transferred:      37164 bytes
HTML transferred:       8965 bytes
Requests per second:    4.64 [#/sec] (mean)
Time per request:       21538.612 [ms] (mean)
Time per request:       215.386 [ms] (mean, across all concurrent requests)
Transfer rate:          0.84 [Kbytes/sec] received

Connection Times (ms)
              min  mean[+/-sd] median   max
Connect:      123 11797 10998.4   6025   36723
Processing:     0 8441 11661.3   2266   33594
Waiting:        0 4312 6900.6      3   21547
Total:       1077 20237 14766.6  19664   40313

Percentage of the requests served within a certain time (ms)
  50%  19664
  66%  34285
  75%  36721
  80%  38381
  90%  39620
  95%  40312
  98%  40313
  99%  40313
 100%  40313 (longest request)
===============================================================================
===============================================================================
Concurrency Level:      200
Time taken for tests:   67.166 seconds
Complete requests:      300
Failed requests:        222
   (Connect: 0, Receive: 158, Length: 64, Exceptions: 0)
Write errors:           112
Total transferred:      64980 bytes
HTML transferred:       15675 bytes
Requests per second:    4.47 [#/sec] (mean)
Time per request:       44777.639 [ms] (mean)
Time per request:       223.888 [ms] (mean, across all concurrent requests)
Transfer rate:          0.94 [Kbytes/sec] received

Connection Times (ms)
              min  mean[+/-sd] median   max
Connect:      141 15746 8726.4  16477   33384
Processing:     0 11681 10839.1   9516   36174
Waiting:        0 8583 8038.3   8703   25995
Total:       1178 27427 14959.8  25992   58033

Percentage of the requests served within a certain time (ms)
  50%  25992
  66%  33384
  75%  37226
  80%  38554
  90%  50162
  95%  56104
  98%  58033
  99%  58033
 100%  58033 (longest request)
===============================================================================
===============================================================================
Concurrency Level:      300
Time taken for tests:   158.171 seconds
Complete requests:      400
Failed requests:        219
   (Connect: 0, Receive: 64, Length: 155, Exceptions: 0)
Write errors:           175
Total transferred:      93252 bytes
HTML transferred:       22495 bytes
Requests per second:    2.53 [#/sec] (mean)
Time per request:       118628.374 [ms] (mean)
Time per request:       395.428 [ms] (mean, across all concurrent requests)
Transfer rate:          0.58 [Kbytes/sec] received

Connection Times (ms)
              min  mean[+/-sd] median   max
Connect:        0 24974 26576.8  10365   93369
Processing:     0 28402 33837.0   3422   93369
Waiting:        0 15041 22100.3      0   71667
Total:        852 53376 31060.9  62125   93369

Percentage of the requests served within a certain time (ms)
  50%  62125
  66%  72871
  75%  89575
  80%  90839
  90%  93368
  95%  93369
  98%  93369
  99%  93369
 100%  93369 (longest request)
===============================================================================
===============================================================================
