Concurrency Level:      2
Time taken for tests:   401.004 seconds
Complete requests:      100
Failed requests:        202
   (Connect: 0, Receive: 100, Length: 102, Exceptions: 0)
Write errors:           2
Total transferred:      1350905 bytes
HTML transferred:       1335605 bytes
Requests per second:    0.25 [#/sec] (mean)
Time per request:       8020.086 [ms] (mean)
Time per request:       4010.043 [ms] (mean, across all concurrent requests)
Transfer rate:          3.29 [Kbytes/sec] received

Connection Times (ms)
              min  mean[+/-sd] median   max
Connect:      257  639 798.8    479    7979
Processing:     0 7394 2856.3   7451   16036
Waiting:        0   26  24.3     24     129
Total:        569 8034 2813.2   8063   16938

Percentage of the requests served within a certain time (ms)
  50%   8063
  66%   9239
  75%   9717
  80%   9864
  90%  10743
  95%  12449
  98%  14872
  99%  16938
 100%  16938 (longest request)
