Concurrency Level:      10
Time taken for tests:   50.856 seconds
Complete requests:      100
Failed requests:        141
   (Connect: 0, Receive: 74, Length: 67, Exceptions: 0)
Write errors:           24
Total transferred:      116027 bytes
HTML transferred:       102530 bytes
Requests per second:    1.97 [#/sec] (mean)
Time per request:       5085.571 [ms] (mean)
Time per request:       508.557 [ms] (mean, across all concurrent requests)
Transfer rate:          2.23 [Kbytes/sec] received

Connection Times (ms)
              min  mean[+/-sd] median   max
Connect:      239 2722 2734.6   2028   11545
Processing:     0 2356 5734.9   1008   39263
Waiting:        0   65 344.1      3    2060
Total:        384 5078 6405.0   3045   40223

Percentage of the requests served within a certain time (ms)
  50%   3045
  66%   3122
  75%   6570
  80%   7991
  90%  11892
  95%  13542
  98%  39832
  99%  40223
 100%  40223 (longest request)
===============================================================================
===============================================================================
Concurrency Level:      50
Time taken for tests:   29.609 seconds
Complete requests:      150
Failed requests:        208
   (Connect: 0, Receive: 94, Length: 114, Exceptions: 0)
Write errors:           56
Total transferred:      367616 bytes
HTML transferred:       346694 bytes
Requests per second:    5.07 [#/sec] (mean)
Time per request:       9869.559 [ms] (mean)
Time per request:       197.391 [ms] (mean, across all concurrent requests)
Transfer rate:          12.12 [Kbytes/sec] received

Connection Times (ms)
              min  mean[+/-sd] median   max
Connect:      806 3619 1548.3   4159    7412
Processing:     0 2546 3388.6    812   11693
Waiting:        0   18 201.6      0    2470
Total:       1259 6165 4256.9   5146   16892

Percentage of the requests served within a certain time (ms)
  50%   5146
  66%   7328
  75%   7568
  80%   7568
  90%  16891
  95%  16891
  98%  16892
  99%  16892
 100%  16892 (longest request)
===============================================================================
===============================================================================
Concurrency Level:      100
Time taken for tests:   92.593 seconds
Complete requests:      200
Failed requests:        285
   (Connect: 0, Receive: 112, Length: 173, Exceptions: 0)
Write errors:           111
Total transferred:      455680 bytes
HTML transferred:       427592 bytes
Requests per second:    2.16 [#/sec] (mean)
Time per request:       46296.560 [ms] (mean)
Time per request:       462.966 [ms] (mean, across all concurrent requests)
Transfer rate:          4.81 [Kbytes/sec] received

Connection Times (ms)
              min  mean[+/-sd] median   max
Connect:      790 22655 20728.6  20252   92590
Processing:     0 6127 8070.3   1151   24096
Waiting:        0    5  66.5      0     941
Total:       1213 28783 23165.3  23239   92590

Percentage of the requests served within a certain time (ms)
  50%  23239
  66%  46231
  75%  50903
  80%  55390
  90%  55390
  95%  67746
  98%  86269
  99%  92589
 100%  92590 (longest request)
===============================================================================
===============================================================================
Concurrency Level:      200
Time taken for tests:   58.773 seconds
Complete requests:      300
Failed requests:        456
   (Connect: 0, Receive: 181, Length: 275, Exceptions: 0)
Write errors:           153
Total transferred:      630784 bytes
HTML transferred:       582162 bytes
Requests per second:    5.10 [#/sec] (mean)
Time per request:       39181.835 [ms] (mean)
Time per request:       195.909 [ms] (mean, across all concurrent requests)
Transfer rate:          10.48 [Kbytes/sec] received

Connection Times (ms)
              min  mean[+/-sd] median   max
Connect:      274 19264 13775.2  15217   58767
Processing:     0 6041 7295.7   3607   35555
Waiting:        0  180 1287.3      0   15216
Total:        731 25304 14608.0  25798   58767

Percentage of the requests served within a certain time (ms)
  50%  25798
  66%  33374
  75%  33375
  80%  43185
  90%  44274
  95%  45730
  98%  53359
  99%  58761
 100%  58767 (longest request)
===============================================================================
===============================================================================
Concurrency Level:      300
Time taken for tests:   78.558 seconds
Complete requests:      400
Failed requests:        507
   (Connect: 0, Receive: 175, Length: 332, Exceptions: 0)
Write errors:           195
Total transferred:      1378582 bytes
HTML transferred:       1317720 bytes
Requests per second:    5.09 [#/sec] (mean)
Time per request:       58918.719 [ms] (mean)
Time per request:       196.396 [ms] (mean, across all concurrent requests)
Transfer rate:          17.14 [Kbytes/sec] received

Connection Times (ms)
              min  mean[+/-sd] median   max
Connect:      330 23695 17609.0  23232   72685
Processing:     0 9359 17654.7    467   69957
Waiting:        0 1674 4573.8      0   22339
Total:        601 33054 22101.1  26781   78550

Percentage of the requests served within a certain time (ms)
  50%  26781
  66%  44942
  75%  50238
  80%  52651
  90%  72685
  95%  75580
  98%  78177
  99%  78408
 100%  78550 (longest request)
===============================================================================
===============================================================================
