Concurrency Level:      2
Time taken for tests:   157.816 seconds
Complete requests:      100
Failed requests:        90
   (Connect: 0, Receive: 90, Length: 0, Exceptions: 0)
Write errors:           10
Total transferred:      107666 bytes
HTML transferred:       94050 bytes
Requests per second:    0.63 [#/sec] (mean)
Time per request:       3156.319 [ms] (mean)
Time per request:       1578.160 [ms] (mean, across all concurrent requests)
Transfer rate:          0.67 [Kbytes/sec] received

Connection Times (ms)
              min  mean[+/-sd] median   max
Connect:      255 1685 558.6   1912    2055
Processing:   128 1443 2923.2    994   25646
Waiting:        0   36 204.8      5    2052
Total:        383 3128 2988.5   2915   26642

Percentage of the requests served within a certain time (ms)
  50%   2915
  66%   2961
  75%   2974
  80%   2987
  90%   3038
  95%  10404
  98%  11173
  99%  26642
 100%  26642 (longest request)
===============================================================================
===============================================================================
Concurrency Level:      2
Time taken for tests:   216.283 seconds
Complete requests:      150
Failed requests:        297
   (Connect: 0, Receive: 148, Length: 149, Exceptions: 0)
Write errors:           2
Total transferred:      153600 bytes
HTML transferred:       131548 bytes
Requests per second:    0.69 [#/sec] (mean)
Time per request:       2883.768 [ms] (mean)
Time per request:       1441.884 [ms] (mean, across all concurrent requests)
Transfer rate:          0.69 [Kbytes/sec] received

Connection Times (ms)
              min  mean[+/-sd] median   max
Connect:      270 1849 413.4   1934    3092
Processing:     0 1035 961.1    985    9100
Waiting:        0   11  18.0      5     102
Total:        426 2884 1163.4   2924   11975

Percentage of the requests served within a certain time (ms)
  50%   2924
  66%   2965
  75%   2979
  80%   2992
  90%   3042
  95%   3058
  98%   3115
  99%  11081
 100%  11975 (longest request)
===============================================================================
===============================================================================
Concurrency Level:      2
Time taken for tests:   322.020 seconds
Complete requests:      200
Failed requests:        186
   (Connect: 0, Receive: 186, Length: 0, Exceptions: 0)
Write errors:           14
Total transferred:      205970 bytes
HTML transferred:       178146 bytes
Requests per second:    0.62 [#/sec] (mean)
Time per request:       3220.203 [ms] (mean)
Time per request:       1610.101 [ms] (mean, across all concurrent requests)
Transfer rate:          0.62 [Kbytes/sec] received

Connection Times (ms)
              min  mean[+/-sd] median   max
Connect:      243 1713 689.1   1920    6190
Processing:   132 1504 4096.8    992   53448
Waiting:        0   22 149.3      5    2102
Total:        402 3217 4151.7   2918   54372

Percentage of the requests served within a certain time (ms)
  50%   2918
  66%   2962
  75%   2999
  80%   3023
  90%   3112
  95%  10235
  98%  11398
  99%  11651
 100%  54372 (longest request)
===============================================================================
===============================================================================
Concurrency Level:      2
Time taken for tests:   485.000 seconds
Complete requests:      300
Failed requests:        597
   (Connect: 0, Receive: 298, Length: 299, Exceptions: 0)
Write errors:           2
Total transferred:      307200 bytes
HTML transferred:       262948 bytes
Requests per second:    0.62 [#/sec] (mean)
Time per request:       3233.337 [ms] (mean)
Time per request:       1616.668 [ms] (mean, across all concurrent requests)
Transfer rate:          0.62 [Kbytes/sec] received

Connection Times (ms)
              min  mean[+/-sd] median   max
Connect:      450 1990 334.7   1946    4175
Processing:     0 1246 1314.4   1006    9115
Waiting:        0   12  19.8      5     122
Total:        799 3236 1389.6   2950   11721

Percentage of the requests served within a certain time (ms)
  50%   2950
  66%   3000
  75%   3024
  80%   3051
  90%   3533
  95%   4607
  98%  10358
  99%  10883
 100%  11721 (longest request)
===============================================================================
===============================================================================
Concurrency Level:      2
Time taken for tests:   396.391 seconds
Complete requests:      400
Failed requests:        387
   (Connect: 0, Receive: 387, Length: 0, Exceptions: 0)
Write errors:           13
Total transferred:      411794 bytes
HTML transferred:       354222 bytes
Requests per second:    1.01 [#/sec] (mean)
Time per request:       1981.957 [ms] (mean)
Time per request:       990.978 [ms] (mean, across all concurrent requests)
Transfer rate:          1.01 [Kbytes/sec] received

Connection Times (ms)
              min  mean[+/-sd] median   max
Connect:      240 1147 560.2    912    2760
Processing:   136  830 1648.9    495   24775
Waiting:        0   12  51.2      5     983
Total:        393 1977 1818.1   1395   25680

Percentage of the requests served within a certain time (ms)
  50%   1395
  66%   2015
  75%   2831
  80%   2883
  90%   2975
  95%   3157
  98%   8801
  99%   9840
 100%  25680 (longest request)
===============================================================================
===============================================================================
