Concurrency Level:      2
Time taken for tests:   30.918 seconds
Complete requests:      100
Failed requests:        94
   (Connect: 0, Receive: 91, Length: 3, Exceptions: 0)
Write errors:           6
Total transferred:      152136 bytes
HTML transferred:       137928 bytes
Requests per second:    3.23 [#/sec] (mean)
Time per request:       618.356 [ms] (mean)
Time per request:       309.178 [ms] (mean, across all concurrent requests)
Transfer rate:          4.81 [Kbytes/sec] received

Connection Times (ms)
              min  mean[+/-sd] median   max
Connect:      123  395 285.3    336    2426
Processing:   126  218 249.0    180    2520
Waiting:        0   13  37.5      7     363
Total:        379  613 362.0    532    2643

Percentage of the requests served within a certain time (ms)
  50%    532
  66%    562
  75%    603
  80%    625
  90%    792
  95%   1549
  98%   2561
  99%   2643
 100%   2643 (longest request)
===============================================================================
===============================================================================
Concurrency Level:      2
Time taken for tests:   50.082 seconds
Complete requests:      150
Failed requests:        187
   (Connect: 0, Receive: 148, Length: 39, Exceptions: 0)
Write errors:           2
Total transferred:      179346 bytes
HTML transferred:       157248 bytes
Requests per second:    3.00 [#/sec] (mean)
Time per request:       667.757 [ms] (mean)
Time per request:       333.878 [ms] (mean, across all concurrent requests)
Transfer rate:          3.50 [Kbytes/sec] received

Connection Times (ms)
              min  mean[+/-sd] median   max
Connect:      237  389 246.0    333    2372
Processing:   122  273 779.2    174    7106
Waiting:        0    7   6.8      6      72
Total:        373  663 830.0    520    7432

Percentage of the requests served within a certain time (ms)
  50%    520
  66%    557
  75%    577
  80%    610
  90%    725
  95%   1068
  98%   2534
  99%   7427
 100%   7432 (longest request)
===============================================================================
===============================================================================
Concurrency Level:      2
Time taken for tests:   62.109 seconds
Complete requests:      200
Failed requests:        205
   (Connect: 0, Receive: 194, Length: 11, Exceptions: 0)
Write errors:           2
Total transferred:      258632 bytes
HTML transferred:       229180 bytes
Requests per second:    3.22 [#/sec] (mean)
Time per request:       621.086 [ms] (mean)
Time per request:       310.543 [ms] (mean, across all concurrent requests)
Transfer rate:          4.07 [Kbytes/sec] received

Connection Times (ms)
              min  mean[+/-sd] median   max
Connect:      231  376 276.3    320    2943
Processing:     0  246 689.4    159    7669
Waiting:        0    6   4.8      5      31
Total:        361  622 749.8    484    8023

Percentage of the requests served within a certain time (ms)
  50%    484
  66%    515
  75%    553
  80%    585
  90%    728
  95%   1116
  98%   2086
  99%   6867
 100%   8023 (longest request)
===============================================================================
===============================================================================
Concurrency Level:      2
Time taken for tests:   100.449 seconds
Complete requests:      300
Failed requests:        293
   (Connect: 0, Receive: 287, Length: 6, Exceptions: 0)
Write errors:           6
Total transferred:      395262 bytes
HTML transferred:       351750 bytes
Requests per second:    2.99 [#/sec] (mean)
Time per request:       669.662 [ms] (mean)
Time per request:       334.831 [ms] (mean, across all concurrent requests)
Transfer rate:          3.84 [Kbytes/sec] received

Connection Times (ms)
              min  mean[+/-sd] median   max
Connect:      124  385 195.4    348    2344
Processing:     0  286 779.2    180    8968
Waiting:        0    8  30.7      5     530
Total:        377  671 798.6    527    9280

Percentage of the requests served within a certain time (ms)
  50%    527
  66%    576
  75%    624
  80%    658
  90%    798
  95%   1178
  98%   1936
  99%   6849
 100%   9280 (longest request)
===============================================================================
===============================================================================
Concurrency Level:      2
Time taken for tests:   122.026 seconds
Complete requests:      400
Failed requests:        392
   (Connect: 0, Receive: 386, Length: 6, Exceptions: 0)
Write errors:           8
Total transferred:      507244 bytes
HTML transferred:       449080 bytes
Requests per second:    3.28 [#/sec] (mean)
Time per request:       610.128 [ms] (mean)
Time per request:       305.064 [ms] (mean, across all concurrent requests)
Transfer rate:          4.06 [Kbytes/sec] received

Connection Times (ms)
              min  mean[+/-sd] median   max
Connect:      114  375 224.2    335    2556
Processing:     0  235 530.8    174    7428
Waiting:        0    7  19.2      5     380
Total:        367  610 572.3    517    7761

Percentage of the requests served within a certain time (ms)
  50%    517
  66%    551
  75%    578
  80%    599
  90%    667
  95%    991
  98%   1696
  99%   2753
 100%   7761 (longest request)
===============================================================================
===============================================================================
Concurrency Level:      50
Time taken for tests:   14.975 seconds
Complete requests:      100
Failed requests:        170
   (Connect: 0, Receive: 75, Length: 95, Exceptions: 0)
Write errors:           26
Total transferred:      114688 bytes
HTML transferred:       100980 bytes
Requests per second:    6.68 [#/sec] (mean)
Time per request:       7487.625 [ms] (mean)
Time per request:       149.752 [ms] (mean, across all concurrent requests)
Transfer rate:          7.48 [Kbytes/sec] received

Connection Times (ms)
              min  mean[+/-sd] median   max
Connect:      241 3263 3675.1   2159   12785
Processing:     0 2723 3650.2   1392   11117
Waiting:        0   10  78.5      0     781
Total:        781 5987 4326.2   3717   14975

Percentage of the requests served within a certain time (ms)
  50%   3717
  66%  10266
  75%  11486
  80%  11486
  90%  11727
  95%  12785
  98%  12785
  99%  14975
 100%  14975 (longest request)
===============================================================================
===============================================================================
Concurrency Level:      100
Time taken for tests:   87.662 seconds
Complete requests:      200
Failed requests:        238
   (Connect: 0, Receive: 87, Length: 151, Exceptions: 0)
Write errors:           110
Total transferred:      617398 bytes
HTML transferred:       593251 bytes
Requests per second:    2.28 [#/sec] (mean)
Time per request:       43831.077 [ms] (mean)
Time per request:       438.311 [ms] (mean, across all concurrent requests)
Transfer rate:          6.88 [Kbytes/sec] received

Connection Times (ms)
              min  mean[+/-sd] median   max
Connect:      310 21589 16279.0  19864   80218
Processing:     0 6188 11532.8    968   85722
Waiting:        0  457 2151.5      0   13285
Total:        732 27776 18725.6  22678   87661

Percentage of the requests served within a certain time (ms)
  50%  22678
  66%  36069
  75%  44133
  80%  44149
  90%  51698
  95%  54514
  98%  86071
  99%  87586
 100%  87661 (longest request)
===============================================================================
===============================================================================
Concurrency Level:      200
Time taken for tests:   84.977 seconds
Complete requests:      400
Failed requests:        458
   (Connect: 0, Receive: 153, Length: 305, Exceptions: 0)
Write errors:           260
Total transferred:      930816 bytes
HTML transferred:       883121 bytes
Requests per second:    4.71 [#/sec] (mean)
Time per request:       42488.555 [ms] (mean)
Time per request:       212.443 [ms] (mean, across all concurrent requests)
Transfer rate:          10.70 [Kbytes/sec] received

Connection Times (ms)
              min  mean[+/-sd] median   max
Connect:      369 24766 16602.1  21163   84475
Processing:     0 4812 7492.9      0   25031
Waiting:        0  442 2022.2      0   13127
Total:        853 29577 17202.0  30516   84972

Percentage of the requests served within a certain time (ms)
  50%  30516
  66%  39429
  75%  42140
  80%  42334
  90%  45046
  95%  62359
  98%  74885
  99%  84471
 100%  84972 (longest request)
===============================================================================
===============================================================================
Concurrency Level:      400
Time taken for tests:   150.279 seconds
Complete requests:      800
Failed requests:        965
   (Connect: 0, Receive: 411, Length: 554, Exceptions: 0)
Write errors:           378
Total transferred:      1622016 bytes
HTML transferred:       1526974 bytes
Requests per second:    5.32 [#/sec] (mean)
Time per request:       75139.359 [ms] (mean)
Time per request:       187.848 [ms] (mean, across all concurrent requests)
Transfer rate:          10.54 [Kbytes/sec] received

Connection Times (ms)
              min  mean[+/-sd] median   max
Connect:        0 32751 25805.3  31127  148376
Processing:     0 17764 27449.0   2200  103017
Waiting:        0  275 1568.7      0   12676
Total:        859 50515 35709.2  50263  148749

Percentage of the requests served within a certain time (ms)
  50%  50263
  66%  61375
  75%  66981
  80%  71046
  90%  92833
  95%  129922
  98%  140701
  99%  148368
 100%  148749 (longest request)
===============================================================================
===============================================================================
Concurrency Level:      500
Time taken for tests:   165.294 seconds
Complete requests:      1000
Failed requests:        931
   (Connect: 0, Receive: 388, Length: 543, Exceptions: 0)
Write errors:           535
Total transferred:      3289581 bytes
HTML transferred:       3181946 bytes
Requests per second:    6.05 [#/sec] (mean)
Time per request:       82646.917 [ms] (mean)
Time per request:       165.294 [ms] (mean, across all concurrent requests)
Transfer rate:          19.43 [Kbytes/sec] received

Connection Times (ms)
              min  mean[+/-sd] median   max
Connect:        0 24804 20507.7  20112  151295
Processing:     0 23206 39086.4    216  155746
Waiting:        0 1906 7183.8      0   41675
Total:       2591 48010 36512.6  42808  165288

Percentage of the requests served within a certain time (ms)
  50%  42808
  66%  52716
  75%  59275
  80%  88684
  90%  88692
  95%  119958
  98%  160793
  99%  163790
 100%  165288 (longest request)
===============================================================================
===============================================================================
