Concurrency Level:      50
Time taken for tests:   20.647 seconds
Complete requests:      100
Failed requests:        141
   (Connect: 0, Receive: 53, Length: 88, Exceptions: 0)
Write errors:           51
Total transferred:      121856 bytes
HTML transferred:       108251 bytes
Requests per second:    4.84 [#/sec] (mean)
Time per request:       10323.717 [ms] (mean)
Time per request:       206.474 [ms] (mean, across all concurrent requests)
Transfer rate:          5.76 [Kbytes/sec] received

Connection Times (ms)
              min  mean[+/-sd] median   max
Connect:      254 9092 7936.8   8541   18615
Processing:     0  926 1743.9    756    8432
Waiting:        0  103 851.5      0    8432
Total:        613 10017 7614.5   8850   18615

Percentage of the requests served within a certain time (ms)
  50%   8850
  66%  17875
  75%  18615
  80%  18615
  90%  18615
  95%  18615
  98%  18615
  99%  18615
 100%  18615 (longest request)
===============================================================================
===============================================================================
Concurrency Level:      100
Time taken for tests:   37.608 seconds
Complete requests:      200
Failed requests:        241
   (Connect: 0, Receive: 94, Length: 147, Exceptions: 0)
Write errors:           106
Total transferred:      579072 bytes
HTML transferred:       552878 bytes
Requests per second:    5.32 [#/sec] (mean)
Time per request:       18804.233 [ms] (mean)
Time per request:       188.042 [ms] (mean, across all concurrent requests)
Transfer rate:          15.04 [Kbytes/sec] received

Connection Times (ms)
              min  mean[+/-sd] median   max
Connect:      286 8948 7630.2   6948   36066
Processing:     0 2591 3732.4    674   14425
Waiting:        0  266 1356.5      0    8857
Total:        529 11539 8152.1   9468   36133

Percentage of the requests served within a certain time (ms)
  50%   9468
  66%  16018
  75%  17117
  80%  18231
  90%  23778
  95%  24748
  98%  28036
  99%  36066
 100%  36133 (longest request)
===============================================================================
===============================================================================
Concurrency Level:      200
Time taken for tests:   101.083 seconds
Complete requests:      400
Failed requests:        410
   (Connect: 0, Receive: 143, Length: 267, Exceptions: 0)
Write errors:           252
Total transferred:      1110861 bytes
HTML transferred:       1059973 bytes
Requests per second:    3.96 [#/sec] (mean)
Time per request:       50541.382 [ms] (mean)
Time per request:       252.707 [ms] (mean, across all concurrent requests)
Transfer rate:          10.73 [Kbytes/sec] received

Connection Times (ms)
              min  mean[+/-sd] median   max
Connect:      354 24518 15618.7  23387   98376
Processing:     0 5302 11155.2      0   99846
Waiting:        0  834 2745.0      0   16909
Total:       1060 29820 18052.6  25483  100902

Percentage of the requests served within a certain time (ms)
  50%  25483
  66%  35621
  75%  41735
  80%  47056
  90%  50908
  95%  56033
  98%  80401
  99%  100246
 100%  100902 (longest request)
===============================================================================
===============================================================================
Concurrency Level:      400
Time taken for tests:   125.022 seconds
Complete requests:      800
Failed requests:        983
   (Connect: 0, Receive: 455, Length: 528, Exceptions: 0)
Write errors:           352
Total transferred:      1583104 bytes
HTML transferred:       1470393 bytes
Requests per second:    6.40 [#/sec] (mean)
Time per request:       62510.990 [ms] (mean)
Time per request:       156.277 [ms] (mean, across all concurrent requests)
Transfer rate:          12.37 [Kbytes/sec] received

Connection Times (ms)
              min  mean[+/-sd] median   max
Connect:        0 25003 25852.4  18694  125012
Processing:     0 17912 28568.4   7911   89310
Waiting:        0  311 1633.7      0   19350
Total:        617 42915 30270.4  39788  125012

Percentage of the requests served within a certain time (ms)
  50%  39788
  66%  49781
  75%  51308
  80%  58287
  90%  89307
  95%  89309
  98%  125005
  99%  125008
 100%  125012 (longest request)
===============================================================================
===============================================================================
Concurrency Level:      500
Time taken for tests:   226.701 seconds
Complete requests:      1000
Failed requests:        1025
   (Connect: 0, Receive: 482, Length: 543, Exceptions: 0)
Write errors:           492
Total transferred:      1764352 bytes
HTML transferred:       1649438 bytes
Requests per second:    4.41 [#/sec] (mean)
Time per request:       113350.595 [ms] (mean)
Time per request:       226.701 [ms] (mean, across all concurrent requests)
Transfer rate:          7.60 [Kbytes/sec] received

Connection Times (ms)
              min  mean[+/-sd] median   max
Connect:        0 37637 40507.7  22786  226684
Processing:     0 24856 34785.9   5835   93637
Waiting:        0  380 4512.1      0   69836
Total:        687 62493 44092.0  66077  226688

Percentage of the requests served within a certain time (ms)
  50%  66077
  66%  93625
  75%  93631
  80%  93636
  90%  113637
  95%  133065
  98%  151019
  99%  151019
 100%  226688 (longest request)
===============================================================================
===============================================================================
